# compute-mfcc-feats --verbose=2 --config=conf/mfcc.conf scp,p:exp/make_mfcc/train_digits/wav_train_digits.19.scp ark:- | copy-feats --compress=true ark:- ark,scp:/home/u/fall15/atruber/kaldi_digits/data/train_digits/data/raw_mfcc_train_digits.19.ark,/home/u/fall15/atruber/kaldi_digits/data/train_digits/data/raw_mfcc_train_digits.19.scp 
# Started at Sun Oct 30 21:56:19 EDT 2016
#
copy-feats --compress=true ark:- ark,scp:/home/u/fall15/atruber/kaldi_digits/data/train_digits/data/raw_mfcc_train_digits.19.ark,/home/u/fall15/atruber/kaldi_digits/data/train_digits/data/raw_mfcc_train_digits.19.scp 
compute-mfcc-feats --verbose=2 --config=conf/mfcc.conf scp,p:exp/make_mfcc/train_digits/wav_train_digits.19.scp ark:- 
VLOG[2] (compute-mfcc-feats:main():compute-mfcc-feats.cc:178) Processed features for key amcr_126a
VLOG[2] (compute-mfcc-feats:main():compute-mfcc-feats.cc:178) Processed features for key amcr_1577391a
VLOG[2] (compute-mfcc-feats:main():compute-mfcc-feats.cc:178) Processed features for key amcr_161o567a
VLOG[2] (compute-mfcc-feats:main():compute-mfcc-feats.cc:178) Processed features for key amcr_19a
VLOG[2] (compute-mfcc-feats:main():compute-mfcc-feats.cc:178) Processed features for key amcr_1a
VLOG[2] (compute-mfcc-feats:main():compute-mfcc-feats.cc:178) Processed features for key amcr_1b
VLOG[2] (compute-mfcc-feats:main():compute-mfcc-feats.cc:178) Processed features for key amcr_25283a
VLOG[2] (compute-mfcc-feats:main():compute-mfcc-feats.cc:178) Processed features for key amcr_2829a
VLOG[2] (compute-mfcc-feats:main():compute-mfcc-feats.cc:178) Processed features for key amcr_2a
LOG (compute-mfcc-feats:main():compute-mfcc-feats.cc:177) Processed 10 utterances
VLOG[2] (compute-mfcc-feats:main():compute-mfcc-feats.cc:178) Processed features for key amcr_2b
VLOG[2] (compute-mfcc-feats:main():compute-mfcc-feats.cc:178) Processed features for key amcr_2o9o987a
VLOG[2] (compute-mfcc-feats:main():compute-mfcc-feats.cc:178) Processed features for key amcr_2z61858a
VLOG[2] (compute-mfcc-feats:main():compute-mfcc-feats.cc:178) Processed features for key amcr_2z7a
VLOG[2] (compute-mfcc-feats:main():compute-mfcc-feats.cc:178) Processed features for key amcr_32a
VLOG[2] (compute-mfcc-feats:main():compute-mfcc-feats.cc:178) Processed features for key amcr_35z29a
VLOG[2] (compute-mfcc-feats:main():compute-mfcc-feats.cc:178) Processed features for key amcr_38a
VLOG[2] (compute-mfcc-feats:main():compute-mfcc-feats.cc:178) Processed features for key amcr_39a
VLOG[2] (compute-mfcc-feats:main():compute-mfcc-feats.cc:178) Processed features for key amcr_3a
VLOG[2] (compute-mfcc-feats:main():compute-mfcc-feats.cc:178) Processed features for key amcr_3b
LOG (compute-mfcc-feats:main():compute-mfcc-feats.cc:177) Processed 20 utterances
VLOG[2] (compute-mfcc-feats:main():compute-mfcc-feats.cc:178) Processed features for key amcr_3oo43a
VLOG[2] (compute-mfcc-feats:main():compute-mfcc-feats.cc:178) Processed features for key amcr_45oo2a
VLOG[2] (compute-mfcc-feats:main():compute-mfcc-feats.cc:178) Processed features for key amcr_486oa
VLOG[2] (compute-mfcc-feats:main():compute-mfcc-feats.cc:178) Processed features for key amcr_49o69a
VLOG[2] (compute-mfcc-feats:main():compute-mfcc-feats.cc:178) Processed features for key amcr_4a
VLOG[2] (compute-mfcc-feats:main():compute-mfcc-feats.cc:178) Processed features for key amcr_4b
VLOG[2] (compute-mfcc-feats:main():compute-mfcc-feats.cc:178) Processed features for key amcr_4ooa
VLOG[2] (compute-mfcc-feats:main():compute-mfcc-feats.cc:178) Processed features for key amcr_4z3363za
VLOG[2] (compute-mfcc-feats:main():compute-mfcc-feats.cc:178) Processed features for key amcr_513a
VLOG[2] (compute-mfcc-feats:main():compute-mfcc-feats.cc:178) Processed features for key amcr_534a
LOG (compute-mfcc-feats:main():compute-mfcc-feats.cc:177) Processed 30 utterances
VLOG[2] (compute-mfcc-feats:main():compute-mfcc-feats.cc:178) Processed features for key amcr_54923a
VLOG[2] (compute-mfcc-feats:main():compute-mfcc-feats.cc:178) Processed features for key amcr_5941484a
VLOG[2] (compute-mfcc-feats:main():compute-mfcc-feats.cc:178) Processed features for key amcr_5a
VLOG[2] (compute-mfcc-feats:main():compute-mfcc-feats.cc:178) Processed features for key amcr_5b
VLOG[2] (compute-mfcc-feats:main():compute-mfcc-feats.cc:178) Processed features for key amcr_5z168a
VLOG[2] (compute-mfcc-feats:main():compute-mfcc-feats.cc:178) Processed features for key amcr_658za
VLOG[2] (compute-mfcc-feats:main():compute-mfcc-feats.cc:178) Processed features for key amcr_67z93a
VLOG[2] (compute-mfcc-feats:main():compute-mfcc-feats.cc:178) Processed features for key amcr_6811a
VLOG[2] (compute-mfcc-feats:main():compute-mfcc-feats.cc:178) Processed features for key amcr_6989642a
VLOG[2] (compute-mfcc-feats:main():compute-mfcc-feats.cc:178) Processed features for key amcr_6a
LOG (compute-mfcc-feats:main():compute-mfcc-feats.cc:177) Processed 40 utterances
VLOG[2] (compute-mfcc-feats:main():compute-mfcc-feats.cc:178) Processed features for key amcr_6b
VLOG[2] (compute-mfcc-feats:main():compute-mfcc-feats.cc:178) Processed features for key amcr_6za
VLOG[2] (compute-mfcc-feats:main():compute-mfcc-feats.cc:178) Processed features for key amcr_71a
VLOG[2] (compute-mfcc-feats:main():compute-mfcc-feats.cc:178) Processed features for key amcr_721a
VLOG[2] (compute-mfcc-feats:main():compute-mfcc-feats.cc:178) Processed features for key amcr_7465a
VLOG[2] (compute-mfcc-feats:main():compute-mfcc-feats.cc:178) Processed features for key amcr_783a
VLOG[2] (compute-mfcc-feats:main():compute-mfcc-feats.cc:178) Processed features for key amcr_7a
VLOG[2] (compute-mfcc-feats:main():compute-mfcc-feats.cc:178) Processed features for key amcr_7b
VLOG[2] (compute-mfcc-feats:main():compute-mfcc-feats.cc:178) Processed features for key amcr_7o7a
VLOG[2] (compute-mfcc-feats:main():compute-mfcc-feats.cc:178) Processed features for key amcr_8194126a
LOG (compute-mfcc-feats:main():compute-mfcc-feats.cc:177) Processed 50 utterances
VLOG[2] (compute-mfcc-feats:main():compute-mfcc-feats.cc:178) Processed features for key amcr_821a
VLOG[2] (compute-mfcc-feats:main():compute-mfcc-feats.cc:178) Processed features for key amcr_88z57a
VLOG[2] (compute-mfcc-feats:main():compute-mfcc-feats.cc:178) Processed features for key amcr_8a
VLOG[2] (compute-mfcc-feats:main():compute-mfcc-feats.cc:178) Processed features for key amcr_8b
VLOG[2] (compute-mfcc-feats:main():compute-mfcc-feats.cc:178) Processed features for key amcr_8o2a
VLOG[2] (compute-mfcc-feats:main():compute-mfcc-feats.cc:178) Processed features for key amcr_8o8a
VLOG[2] (compute-mfcc-feats:main():compute-mfcc-feats.cc:178) Processed features for key amcr_91a
VLOG[2] (compute-mfcc-feats:main():compute-mfcc-feats.cc:178) Processed features for key amcr_931z1a
VLOG[2] (compute-mfcc-feats:main():compute-mfcc-feats.cc:178) Processed features for key amcr_95a
VLOG[2] (compute-mfcc-feats:main():compute-mfcc-feats.cc:178) Processed features for key amcr_96662a
LOG (compute-mfcc-feats:main():compute-mfcc-feats.cc:177) Processed 60 utterances
VLOG[2] (compute-mfcc-feats:main():compute-mfcc-feats.cc:178) Processed features for key amcr_9a
VLOG[2] (compute-mfcc-feats:main():compute-mfcc-feats.cc:178) Processed features for key amcr_9b
VLOG[2] (compute-mfcc-feats:main():compute-mfcc-feats.cc:178) Processed features for key amcr_o1a
VLOG[2] (compute-mfcc-feats:main():compute-mfcc-feats.cc:178) Processed features for key amcr_o3ooa
VLOG[2] (compute-mfcc-feats:main():compute-mfcc-feats.cc:178) Processed features for key amcr_o556a
VLOG[2] (compute-mfcc-feats:main():compute-mfcc-feats.cc:178) Processed features for key amcr_o6a
VLOG[2] (compute-mfcc-feats:main():compute-mfcc-feats.cc:178) Processed features for key amcr_o8a
VLOG[2] (compute-mfcc-feats:main():compute-mfcc-feats.cc:178) Processed features for key amcr_o932a
VLOG[2] (compute-mfcc-feats:main():compute-mfcc-feats.cc:178) Processed features for key amcr_oa
VLOG[2] (compute-mfcc-feats:main():compute-mfcc-feats.cc:178) Processed features for key amcr_ob
LOG (compute-mfcc-feats:main():compute-mfcc-feats.cc:177) Processed 70 utterances
VLOG[2] (compute-mfcc-feats:main():compute-mfcc-feats.cc:178) Processed features for key amcr_z277a
VLOG[2] (compute-mfcc-feats:main():compute-mfcc-feats.cc:178) Processed features for key amcr_z384359a
VLOG[2] (compute-mfcc-feats:main():compute-mfcc-feats.cc:178) Processed features for key amcr_z47z997a
VLOG[2] (compute-mfcc-feats:main():compute-mfcc-feats.cc:178) Processed features for key amcr_z754a
VLOG[2] (compute-mfcc-feats:main():compute-mfcc-feats.cc:178) Processed features for key amcr_za
VLOG[2] (compute-mfcc-feats:main():compute-mfcc-feats.cc:178) Processed features for key amcr_zb
VLOG[2] (compute-mfcc-feats:main():compute-mfcc-feats.cc:178) Processed features for key amcr_zz44a
Unable to open /home/u/fall15/atruber/tidigits/data/adults/train/man/dc/1535a.wav as input
ERROR (compute-mfcc-feats:Read4ByteTag():wave-reader.cc:75) WaveData: expected 4-byte chunk-name, got read errror

[ Stack-Trace: ]
0   compute-mfcc-feats                  0x0000000100cdca17 _ZN5kaldiL18KaldiGetStackTraceEv + 71
1   compute-mfcc-feats                  0x0000000100cdc721 _ZN5kaldi13MessageLogger13HandleMessageERKNS_18LogMessageEnvelopeEPKc + 977
2   compute-mfcc-feats                  0x0000000100cdc2ea _ZN5kaldi13MessageLoggerD2Ev + 298
3   compute-mfcc-feats                  0x0000000100cdc9c5 _ZN5kaldi13MessageLoggerD1Ev + 21
4   compute-mfcc-feats                  0x0000000100c31d93 _ZN5kaldi8WaveData12Read4ByteTagERSiPc + 195
5   compute-mfcc-feats                  0x0000000100c32075 _ZN5kaldi8WaveData4ReadERSiNS0_12ReadDataTypeE + 69
6   compute-mfcc-feats                  0x0000000100c01a9e _ZN5kaldi10WaveHolder4ReadERSi + 30
7   compute-mfcc-feats                  0x0000000100c037e2 _ZN5kaldi31SequentialTableReaderScriptImplINS_10WaveHolderEE18EnsureObjectLoadedEv + 818
8   compute-mfcc-feats                  0x0000000100c02f50 _ZN5kaldi31SequentialTableReaderScriptImplINS_10WaveHolderEE4NextEv + 80
9   compute-mfcc-feats                  0x0000000100bf8da9 _ZN5kaldi21SequentialTableReaderINS_10WaveHolderEE4NextEv + 41
10  compute-mfcc-feats                  0x0000000100bf673d main + 8109
11  libdyld.dylib                       0x00007fff999cb5ad start + 1

WARNING (compute-mfcc-feats:Read():feat/wave-reader.h:165) Exception caught in WaveHolder object (reading). 
WARNING (compute-mfcc-feats:EnsureObjectLoaded():util/kaldi-table-inl.h:317) Failed to load object from '../kaldi/tools/sph2pipe_v2.5/sph2pipe -f wav /home/u/fall15/atruber/tidigits/data/adults/train/man/dc/1535a.wav |'
WARNING (compute-mfcc-feats:Close():kaldi-io.cc:501) Pipe ../kaldi/tools/sph2pipe_v2.5/sph2pipe -f wav /home/u/fall15/atruber/tidigits/data/adults/train/man/dc/1535a.wav | had nonzero return status 256
LOG (compute-mfcc-feats:main():compute-mfcc-feats.cc:181)  Done 76 out of 76 utterances.
LOG (copy-feats:main():copy-feats.cc:120) Copied 76 feature matrices.
# Accounting: time=3 threads=1
# Ended (code 0) at Sun Oct 30 21:56:22 EDT 2016, elapsed time 3 seconds
