# compute-mfcc-feats --verbose=2 --config=conf/mfcc.conf scp,p:exp/make_mfcc/train_digits/wav_train_digits.62.scp ark:- | copy-feats --compress=true ark:- ark,scp:/home/u/fall15/atruber/kaldi_digits/data/train_digits/data/raw_mfcc_train_digits.62.ark,/home/u/fall15/atruber/kaldi_digits/data/train_digits/data/raw_mfcc_train_digits.62.scp 
# Started at Sun Oct 30 22:05:18 EDT 2016
#
copy-feats --compress=true ark:- ark,scp:/home/u/fall15/atruber/kaldi_digits/data/train_digits/data/raw_mfcc_train_digits.62.ark,/home/u/fall15/atruber/kaldi_digits/data/train_digits/data/raw_mfcc_train_digits.62.scp 
compute-mfcc-feats --verbose=2 --config=conf/mfcc.conf scp,p:exp/make_mfcc/train_digits/wav_train_digits.62.scp ark:- 
VLOG[2] (compute-mfcc-feats:main():compute-mfcc-feats.cc:178) Processed features for key awbr_1249267a
VLOG[2] (compute-mfcc-feats:main():compute-mfcc-feats.cc:178) Processed features for key awbr_15za
VLOG[2] (compute-mfcc-feats:main():compute-mfcc-feats.cc:178) Processed features for key awbr_1849965a
VLOG[2] (compute-mfcc-feats:main():compute-mfcc-feats.cc:178) Processed features for key awbr_1a
VLOG[2] (compute-mfcc-feats:main():compute-mfcc-feats.cc:178) Processed features for key awbr_1b
VLOG[2] (compute-mfcc-feats:main():compute-mfcc-feats.cc:178) Processed features for key awbr_1zzz1a
VLOG[2] (compute-mfcc-feats:main():compute-mfcc-feats.cc:178) Processed features for key awbr_21617a
VLOG[2] (compute-mfcc-feats:main():compute-mfcc-feats.cc:178) Processed features for key awbr_2519199a
VLOG[2] (compute-mfcc-feats:main():compute-mfcc-feats.cc:178) Processed features for key awbr_25a
LOG (compute-mfcc-feats:main():compute-mfcc-feats.cc:177) Processed 10 utterances
VLOG[2] (compute-mfcc-feats:main():compute-mfcc-feats.cc:178) Processed features for key awbr_26287a
VLOG[2] (compute-mfcc-feats:main():compute-mfcc-feats.cc:178) Processed features for key awbr_29za
VLOG[2] (compute-mfcc-feats:main():compute-mfcc-feats.cc:178) Processed features for key awbr_2a
VLOG[2] (compute-mfcc-feats:main():compute-mfcc-feats.cc:178) Processed features for key awbr_2b
VLOG[2] (compute-mfcc-feats:main():compute-mfcc-feats.cc:178) Processed features for key awbr_31oa
VLOG[2] (compute-mfcc-feats:main():compute-mfcc-feats.cc:178) Processed features for key awbr_32z76a
VLOG[2] (compute-mfcc-feats:main():compute-mfcc-feats.cc:178) Processed features for key awbr_3a
VLOG[2] (compute-mfcc-feats:main():compute-mfcc-feats.cc:178) Processed features for key awbr_3b
VLOG[2] (compute-mfcc-feats:main():compute-mfcc-feats.cc:178) Processed features for key awbr_3o27469a
VLOG[2] (compute-mfcc-feats:main():compute-mfcc-feats.cc:178) Processed features for key awbr_3oa
LOG (compute-mfcc-feats:main():compute-mfcc-feats.cc:177) Processed 20 utterances
VLOG[2] (compute-mfcc-feats:main():compute-mfcc-feats.cc:178) Processed features for key awbr_3z5a
VLOG[2] (compute-mfcc-feats:main():compute-mfcc-feats.cc:178) Processed features for key awbr_437a
VLOG[2] (compute-mfcc-feats:main():compute-mfcc-feats.cc:178) Processed features for key awbr_44a
VLOG[2] (compute-mfcc-feats:main():compute-mfcc-feats.cc:178) Processed features for key awbr_482a
VLOG[2] (compute-mfcc-feats:main():compute-mfcc-feats.cc:178) Processed features for key awbr_486a
VLOG[2] (compute-mfcc-feats:main():compute-mfcc-feats.cc:178) Processed features for key awbr_4a
VLOG[2] (compute-mfcc-feats:main():compute-mfcc-feats.cc:178) Processed features for key awbr_4b
VLOG[2] (compute-mfcc-feats:main():compute-mfcc-feats.cc:178) Processed features for key awbr_4o6oa
VLOG[2] (compute-mfcc-feats:main():compute-mfcc-feats.cc:178) Processed features for key awbr_5363a
VLOG[2] (compute-mfcc-feats:main():compute-mfcc-feats.cc:178) Processed features for key awbr_53a
LOG (compute-mfcc-feats:main():compute-mfcc-feats.cc:177) Processed 30 utterances
VLOG[2] (compute-mfcc-feats:main():compute-mfcc-feats.cc:178) Processed features for key awbr_5422889a
VLOG[2] (compute-mfcc-feats:main():compute-mfcc-feats.cc:178) Processed features for key awbr_5465a
VLOG[2] (compute-mfcc-feats:main():compute-mfcc-feats.cc:178) Processed features for key awbr_56414a
VLOG[2] (compute-mfcc-feats:main():compute-mfcc-feats.cc:178) Processed features for key awbr_5a
VLOG[2] (compute-mfcc-feats:main():compute-mfcc-feats.cc:178) Processed features for key awbr_5b
VLOG[2] (compute-mfcc-feats:main():compute-mfcc-feats.cc:178) Processed features for key awbr_62o18ooa
VLOG[2] (compute-mfcc-feats:main():compute-mfcc-feats.cc:178) Processed features for key awbr_632a
VLOG[2] (compute-mfcc-feats:main():compute-mfcc-feats.cc:178) Processed features for key awbr_66113z3a
VLOG[2] (compute-mfcc-feats:main():compute-mfcc-feats.cc:178) Processed features for key awbr_66a
VLOG[2] (compute-mfcc-feats:main():compute-mfcc-feats.cc:178) Processed features for key awbr_672a
LOG (compute-mfcc-feats:main():compute-mfcc-feats.cc:177) Processed 40 utterances
VLOG[2] (compute-mfcc-feats:main():compute-mfcc-feats.cc:178) Processed features for key awbr_6a
VLOG[2] (compute-mfcc-feats:main():compute-mfcc-feats.cc:178) Processed features for key awbr_6b
VLOG[2] (compute-mfcc-feats:main():compute-mfcc-feats.cc:178) Processed features for key awbr_7142a
VLOG[2] (compute-mfcc-feats:main():compute-mfcc-feats.cc:178) Processed features for key awbr_71551z3a
VLOG[2] (compute-mfcc-feats:main():compute-mfcc-feats.cc:178) Processed features for key awbr_755o5a
VLOG[2] (compute-mfcc-feats:main():compute-mfcc-feats.cc:178) Processed features for key awbr_785a
VLOG[2] (compute-mfcc-feats:main():compute-mfcc-feats.cc:178) Processed features for key awbr_7933a
VLOG[2] (compute-mfcc-feats:main():compute-mfcc-feats.cc:178) Processed features for key awbr_7a
VLOG[2] (compute-mfcc-feats:main():compute-mfcc-feats.cc:178) Processed features for key awbr_7b
VLOG[2] (compute-mfcc-feats:main():compute-mfcc-feats.cc:178) Processed features for key awbr_8124a
LOG (compute-mfcc-feats:main():compute-mfcc-feats.cc:177) Processed 50 utterances
VLOG[2] (compute-mfcc-feats:main():compute-mfcc-feats.cc:178) Processed features for key awbr_868z6z6a
VLOG[2] (compute-mfcc-feats:main():compute-mfcc-feats.cc:178) Processed features for key awbr_8968358a
VLOG[2] (compute-mfcc-feats:main():compute-mfcc-feats.cc:178) Processed features for key awbr_8a
VLOG[2] (compute-mfcc-feats:main():compute-mfcc-feats.cc:178) Processed features for key awbr_8b
VLOG[2] (compute-mfcc-feats:main():compute-mfcc-feats.cc:178) Processed features for key awbr_8o817a
VLOG[2] (compute-mfcc-feats:main():compute-mfcc-feats.cc:178) Processed features for key awbr_8za
VLOG[2] (compute-mfcc-feats:main():compute-mfcc-feats.cc:178) Processed features for key awbr_916a
VLOG[2] (compute-mfcc-feats:main():compute-mfcc-feats.cc:178) Processed features for key awbr_9527884a
VLOG[2] (compute-mfcc-feats:main():compute-mfcc-feats.cc:178) Processed features for key awbr_98a
VLOG[2] (compute-mfcc-feats:main():compute-mfcc-feats.cc:178) Processed features for key awbr_9a
LOG (compute-mfcc-feats:main():compute-mfcc-feats.cc:177) Processed 60 utterances
VLOG[2] (compute-mfcc-feats:main():compute-mfcc-feats.cc:178) Processed features for key awbr_9b
VLOG[2] (compute-mfcc-feats:main():compute-mfcc-feats.cc:178) Processed features for key awbr_9o598a
VLOG[2] (compute-mfcc-feats:main():compute-mfcc-feats.cc:178) Processed features for key awbr_9oo6oa
VLOG[2] (compute-mfcc-feats:main():compute-mfcc-feats.cc:178) Processed features for key awbr_o4a
VLOG[2] (compute-mfcc-feats:main():compute-mfcc-feats.cc:178) Processed features for key awbr_o77oa
VLOG[2] (compute-mfcc-feats:main():compute-mfcc-feats.cc:178) Processed features for key awbr_o834a
VLOG[2] (compute-mfcc-feats:main():compute-mfcc-feats.cc:178) Processed features for key awbr_o97oa
VLOG[2] (compute-mfcc-feats:main():compute-mfcc-feats.cc:178) Processed features for key awbr_oa
VLOG[2] (compute-mfcc-feats:main():compute-mfcc-feats.cc:178) Processed features for key awbr_ob
VLOG[2] (compute-mfcc-feats:main():compute-mfcc-feats.cc:178) Processed features for key awbr_ooa
LOG (compute-mfcc-feats:main():compute-mfcc-feats.cc:177) Processed 70 utterances
VLOG[2] (compute-mfcc-feats:main():compute-mfcc-feats.cc:178) Processed features for key awbr_z1a
VLOG[2] (compute-mfcc-feats:main():compute-mfcc-feats.cc:178) Processed features for key awbr_z452a
VLOG[2] (compute-mfcc-feats:main():compute-mfcc-feats.cc:178) Processed features for key awbr_z858a
VLOG[2] (compute-mfcc-feats:main():compute-mfcc-feats.cc:178) Processed features for key awbr_za
VLOG[2] (compute-mfcc-feats:main():compute-mfcc-feats.cc:178) Processed features for key awbr_zb
VLOG[2] (compute-mfcc-feats:main():compute-mfcc-feats.cc:178) Processed features for key awbr_zz738a
VLOG[2] (compute-mfcc-feats:main():compute-mfcc-feats.cc:178) Processed features for key awbr_zza
VLOG[2] (compute-mfcc-feats:main():compute-mfcc-feats.cc:178) Processed features for key awca_12z5z14a
LOG (compute-mfcc-feats:main():compute-mfcc-feats.cc:181)  Done 77 out of 77 utterances.
LOG (copy-feats:main():copy-feats.cc:120) Copied 77 feature matrices.
# Accounting: time=2 threads=1
# Ended (code 0) at Sun Oct 30 22:05:20 EDT 2016, elapsed time 2 seconds
