# compute-mfcc-feats --verbose=2 --config=conf/mfcc.conf scp,p:exp/make_mfcc/train_digits/wav_train_digits.5.scp ark:- | copy-feats --compress=true ark:- ark,scp:/home/u/fall15/atruber/kaldi_digits/data/train_digits/data/raw_mfcc_train_digits.5.ark,/home/u/fall15/atruber/kaldi_digits/data/train_digits/data/raw_mfcc_train_digits.5.scp 
# Started at Sun Oct 30 22:05:04 EDT 2016
#
copy-feats --compress=true ark:- ark,scp:/home/u/fall15/atruber/kaldi_digits/data/train_digits/data/raw_mfcc_train_digits.5.ark,/home/u/fall15/atruber/kaldi_digits/data/train_digits/data/raw_mfcc_train_digits.5.scp 
compute-mfcc-feats --verbose=2 --config=conf/mfcc.conf scp,p:exp/make_mfcc/train_digits/wav_train_digits.5.scp ark:- 
VLOG[2] (compute-mfcc-feats:main():compute-mfcc-feats.cc:178) Processed features for key ambd_1198a
VLOG[2] (compute-mfcc-feats:main():compute-mfcc-feats.cc:178) Processed features for key ambd_11z92a
VLOG[2] (compute-mfcc-feats:main():compute-mfcc-feats.cc:178) Processed features for key ambd_1382za
VLOG[2] (compute-mfcc-feats:main():compute-mfcc-feats.cc:178) Processed features for key ambd_1518a
VLOG[2] (compute-mfcc-feats:main():compute-mfcc-feats.cc:178) Processed features for key ambd_167a
VLOG[2] (compute-mfcc-feats:main():compute-mfcc-feats.cc:178) Processed features for key ambd_1a
VLOG[2] (compute-mfcc-feats:main():compute-mfcc-feats.cc:178) Processed features for key ambd_1b
VLOG[2] (compute-mfcc-feats:main():compute-mfcc-feats.cc:178) Processed features for key ambd_2139a
VLOG[2] (compute-mfcc-feats:main():compute-mfcc-feats.cc:178) Processed features for key ambd_21758a
LOG (compute-mfcc-feats:main():compute-mfcc-feats.cc:177) Processed 10 utterances
VLOG[2] (compute-mfcc-feats:main():compute-mfcc-feats.cc:178) Processed features for key ambd_22z76a
VLOG[2] (compute-mfcc-feats:main():compute-mfcc-feats.cc:178) Processed features for key ambd_23a
VLOG[2] (compute-mfcc-feats:main():compute-mfcc-feats.cc:178) Processed features for key ambd_25a
VLOG[2] (compute-mfcc-feats:main():compute-mfcc-feats.cc:178) Processed features for key ambd_2a
VLOG[2] (compute-mfcc-feats:main():compute-mfcc-feats.cc:178) Processed features for key ambd_2b
VLOG[2] (compute-mfcc-feats:main():compute-mfcc-feats.cc:178) Processed features for key ambd_34126a
VLOG[2] (compute-mfcc-feats:main():compute-mfcc-feats.cc:178) Processed features for key ambd_3433289a
VLOG[2] (compute-mfcc-feats:main():compute-mfcc-feats.cc:178) Processed features for key ambd_3645188a
VLOG[2] (compute-mfcc-feats:main():compute-mfcc-feats.cc:178) Processed features for key ambd_37462a
VLOG[2] (compute-mfcc-feats:main():compute-mfcc-feats.cc:178) Processed features for key ambd_3a
LOG (compute-mfcc-feats:main():compute-mfcc-feats.cc:177) Processed 20 utterances
VLOG[2] (compute-mfcc-feats:main():compute-mfcc-feats.cc:178) Processed features for key ambd_3b
VLOG[2] (compute-mfcc-feats:main():compute-mfcc-feats.cc:178) Processed features for key ambd_3o281a
VLOG[2] (compute-mfcc-feats:main():compute-mfcc-feats.cc:178) Processed features for key ambd_4191a
VLOG[2] (compute-mfcc-feats:main():compute-mfcc-feats.cc:178) Processed features for key ambd_4293za
VLOG[2] (compute-mfcc-feats:main():compute-mfcc-feats.cc:178) Processed features for key ambd_45a
VLOG[2] (compute-mfcc-feats:main():compute-mfcc-feats.cc:178) Processed features for key ambd_46a
VLOG[2] (compute-mfcc-feats:main():compute-mfcc-feats.cc:178) Processed features for key ambd_493o1o6a
VLOG[2] (compute-mfcc-feats:main():compute-mfcc-feats.cc:178) Processed features for key ambd_4a
VLOG[2] (compute-mfcc-feats:main():compute-mfcc-feats.cc:178) Processed features for key ambd_4b
VLOG[2] (compute-mfcc-feats:main():compute-mfcc-feats.cc:178) Processed features for key ambd_538a
LOG (compute-mfcc-feats:main():compute-mfcc-feats.cc:177) Processed 30 utterances
VLOG[2] (compute-mfcc-feats:main():compute-mfcc-feats.cc:178) Processed features for key ambd_568a
VLOG[2] (compute-mfcc-feats:main():compute-mfcc-feats.cc:178) Processed features for key ambd_5899o37a
VLOG[2] (compute-mfcc-feats:main():compute-mfcc-feats.cc:178) Processed features for key ambd_599a
VLOG[2] (compute-mfcc-feats:main():compute-mfcc-feats.cc:178) Processed features for key ambd_5a
VLOG[2] (compute-mfcc-feats:main():compute-mfcc-feats.cc:178) Processed features for key ambd_5b
VLOG[2] (compute-mfcc-feats:main():compute-mfcc-feats.cc:178) Processed features for key ambd_5z68a
VLOG[2] (compute-mfcc-feats:main():compute-mfcc-feats.cc:178) Processed features for key ambd_612a
VLOG[2] (compute-mfcc-feats:main():compute-mfcc-feats.cc:178) Processed features for key ambd_627a
VLOG[2] (compute-mfcc-feats:main():compute-mfcc-feats.cc:178) Processed features for key ambd_631a
VLOG[2] (compute-mfcc-feats:main():compute-mfcc-feats.cc:178) Processed features for key ambd_6659478a
LOG (compute-mfcc-feats:main():compute-mfcc-feats.cc:177) Processed 40 utterances
VLOG[2] (compute-mfcc-feats:main():compute-mfcc-feats.cc:178) Processed features for key ambd_6a
VLOG[2] (compute-mfcc-feats:main():compute-mfcc-feats.cc:178) Processed features for key ambd_6b
VLOG[2] (compute-mfcc-feats:main():compute-mfcc-feats.cc:178) Processed features for key ambd_6zz8643a
VLOG[2] (compute-mfcc-feats:main():compute-mfcc-feats.cc:178) Processed features for key ambd_714a
VLOG[2] (compute-mfcc-feats:main():compute-mfcc-feats.cc:178) Processed features for key ambd_71a
VLOG[2] (compute-mfcc-feats:main():compute-mfcc-feats.cc:178) Processed features for key ambd_72a
VLOG[2] (compute-mfcc-feats:main():compute-mfcc-feats.cc:178) Processed features for key ambd_72o97o8a
VLOG[2] (compute-mfcc-feats:main():compute-mfcc-feats.cc:178) Processed features for key ambd_7a
VLOG[2] (compute-mfcc-feats:main():compute-mfcc-feats.cc:178) Processed features for key ambd_7b
VLOG[2] (compute-mfcc-feats:main():compute-mfcc-feats.cc:178) Processed features for key ambd_7z77a
LOG (compute-mfcc-feats:main():compute-mfcc-feats.cc:177) Processed 50 utterances
VLOG[2] (compute-mfcc-feats:main():compute-mfcc-feats.cc:178) Processed features for key ambd_83a
VLOG[2] (compute-mfcc-feats:main():compute-mfcc-feats.cc:178) Processed features for key ambd_844oa
VLOG[2] (compute-mfcc-feats:main():compute-mfcc-feats.cc:178) Processed features for key ambd_848oa
VLOG[2] (compute-mfcc-feats:main():compute-mfcc-feats.cc:178) Processed features for key ambd_8567a
VLOG[2] (compute-mfcc-feats:main():compute-mfcc-feats.cc:178) Processed features for key ambd_877a
VLOG[2] (compute-mfcc-feats:main():compute-mfcc-feats.cc:178) Processed features for key ambd_8a
VLOG[2] (compute-mfcc-feats:main():compute-mfcc-feats.cc:178) Processed features for key ambd_8b
VLOG[2] (compute-mfcc-feats:main():compute-mfcc-feats.cc:178) Processed features for key ambd_9235326a
VLOG[2] (compute-mfcc-feats:main():compute-mfcc-feats.cc:178) Processed features for key ambd_979za
VLOG[2] (compute-mfcc-feats:main():compute-mfcc-feats.cc:178) Processed features for key ambd_98z57a
LOG (compute-mfcc-feats:main():compute-mfcc-feats.cc:177) Processed 60 utterances
VLOG[2] (compute-mfcc-feats:main():compute-mfcc-feats.cc:178) Processed features for key ambd_9a
VLOG[2] (compute-mfcc-feats:main():compute-mfcc-feats.cc:178) Processed features for key ambd_9b
VLOG[2] (compute-mfcc-feats:main():compute-mfcc-feats.cc:178) Processed features for key ambd_9oa
VLOG[2] (compute-mfcc-feats:main():compute-mfcc-feats.cc:178) Processed features for key ambd_9zza
VLOG[2] (compute-mfcc-feats:main():compute-mfcc-feats.cc:178) Processed features for key ambd_o4a
VLOG[2] (compute-mfcc-feats:main():compute-mfcc-feats.cc:178) Processed features for key ambd_o7a
VLOG[2] (compute-mfcc-feats:main():compute-mfcc-feats.cc:178) Processed features for key ambd_o955o5oa
VLOG[2] (compute-mfcc-feats:main():compute-mfcc-feats.cc:178) Processed features for key ambd_oa
VLOG[2] (compute-mfcc-feats:main():compute-mfcc-feats.cc:178) Processed features for key ambd_ob
VLOG[2] (compute-mfcc-feats:main():compute-mfcc-feats.cc:178) Processed features for key ambd_oo3a
LOG (compute-mfcc-feats:main():compute-mfcc-feats.cc:177) Processed 70 utterances
VLOG[2] (compute-mfcc-feats:main():compute-mfcc-feats.cc:178) Processed features for key ambd_ooa
VLOG[2] (compute-mfcc-feats:main():compute-mfcc-feats.cc:178) Processed features for key ambd_z1z36a
VLOG[2] (compute-mfcc-feats:main():compute-mfcc-feats.cc:178) Processed features for key ambd_z352425a
VLOG[2] (compute-mfcc-feats:main():compute-mfcc-feats.cc:178) Processed features for key ambd_z4zz815a
VLOG[2] (compute-mfcc-feats:main():compute-mfcc-feats.cc:178) Processed features for key ambd_z66z4a
VLOG[2] (compute-mfcc-feats:main():compute-mfcc-feats.cc:178) Processed features for key ambd_z96za
VLOG[2] (compute-mfcc-feats:main():compute-mfcc-feats.cc:178) Processed features for key ambd_za
VLOG[2] (compute-mfcc-feats:main():compute-mfcc-feats.cc:178) Processed features for key ambd_zb
LOG (compute-mfcc-feats:main():compute-mfcc-feats.cc:181)  Done 77 out of 77 utterances.
LOG (copy-feats:main():copy-feats.cc:120) Copied 77 feature matrices.
# Accounting: time=2 threads=1
# Ended (code 0) at Sun Oct 30 22:05:06 EDT 2016, elapsed time 2 seconds
