# compute-mfcc-feats --verbose=2 --config=conf/mfcc.conf scp,p:exp/make_mfcc/train_digits/wav_train_digits.10.scp ark:- | copy-feats --compress=true ark:- ark,scp:/home/u/fall15/atruber/kaldi_digits/data/train_digits/data/raw_mfcc_train_digits.10.ark,/home/u/fall15/atruber/kaldi_digits/data/train_digits/data/raw_mfcc_train_digits.10.scp 
# Started at Sun Oct 30 22:05:06 EDT 2016
#
copy-feats --compress=true ark:- ark,scp:/home/u/fall15/atruber/kaldi_digits/data/train_digits/data/raw_mfcc_train_digits.10.ark,/home/u/fall15/atruber/kaldi_digits/data/train_digits/data/raw_mfcc_train_digits.10.scp 
compute-mfcc-feats --verbose=2 --config=conf/mfcc.conf scp,p:exp/make_mfcc/train_digits/wav_train_digits.10.scp ark:- 
VLOG[2] (compute-mfcc-feats:main():compute-mfcc-feats.cc:178) Processed features for key amdn_122a
VLOG[2] (compute-mfcc-feats:main():compute-mfcc-feats.cc:178) Processed features for key amdn_16293a
VLOG[2] (compute-mfcc-feats:main():compute-mfcc-feats.cc:178) Processed features for key amdn_195o18oa
VLOG[2] (compute-mfcc-feats:main():compute-mfcc-feats.cc:178) Processed features for key amdn_1a
VLOG[2] (compute-mfcc-feats:main():compute-mfcc-feats.cc:178) Processed features for key amdn_1b
VLOG[2] (compute-mfcc-feats:main():compute-mfcc-feats.cc:178) Processed features for key amdn_1o9o5a
VLOG[2] (compute-mfcc-feats:main():compute-mfcc-feats.cc:178) Processed features for key amdn_1zz7a
VLOG[2] (compute-mfcc-feats:main():compute-mfcc-feats.cc:178) Processed features for key amdn_244a
VLOG[2] (compute-mfcc-feats:main():compute-mfcc-feats.cc:178) Processed features for key amdn_264a
LOG (compute-mfcc-feats:main():compute-mfcc-feats.cc:177) Processed 10 utterances
VLOG[2] (compute-mfcc-feats:main():compute-mfcc-feats.cc:178) Processed features for key amdn_2731497a
VLOG[2] (compute-mfcc-feats:main():compute-mfcc-feats.cc:178) Processed features for key amdn_278oa
VLOG[2] (compute-mfcc-feats:main():compute-mfcc-feats.cc:178) Processed features for key amdn_2999o94a
VLOG[2] (compute-mfcc-feats:main():compute-mfcc-feats.cc:178) Processed features for key amdn_2a
VLOG[2] (compute-mfcc-feats:main():compute-mfcc-feats.cc:178) Processed features for key amdn_2b
VLOG[2] (compute-mfcc-feats:main():compute-mfcc-feats.cc:178) Processed features for key amdn_34a
VLOG[2] (compute-mfcc-feats:main():compute-mfcc-feats.cc:178) Processed features for key amdn_36oa
VLOG[2] (compute-mfcc-feats:main():compute-mfcc-feats.cc:178) Processed features for key amdn_37352a
VLOG[2] (compute-mfcc-feats:main():compute-mfcc-feats.cc:178) Processed features for key amdn_38587a
VLOG[2] (compute-mfcc-feats:main():compute-mfcc-feats.cc:178) Processed features for key amdn_3a
LOG (compute-mfcc-feats:main():compute-mfcc-feats.cc:177) Processed 20 utterances
VLOG[2] (compute-mfcc-feats:main():compute-mfcc-feats.cc:178) Processed features for key amdn_3b
VLOG[2] (compute-mfcc-feats:main():compute-mfcc-feats.cc:178) Processed features for key amdn_3z24578a
VLOG[2] (compute-mfcc-feats:main():compute-mfcc-feats.cc:178) Processed features for key amdn_432o317a
VLOG[2] (compute-mfcc-feats:main():compute-mfcc-feats.cc:178) Processed features for key amdn_453z533a
VLOG[2] (compute-mfcc-feats:main():compute-mfcc-feats.cc:178) Processed features for key amdn_46a
VLOG[2] (compute-mfcc-feats:main():compute-mfcc-feats.cc:178) Processed features for key amdn_48a
VLOG[2] (compute-mfcc-feats:main():compute-mfcc-feats.cc:178) Processed features for key amdn_4a
VLOG[2] (compute-mfcc-feats:main():compute-mfcc-feats.cc:178) Processed features for key amdn_4b
VLOG[2] (compute-mfcc-feats:main():compute-mfcc-feats.cc:178) Processed features for key amdn_4z3a
VLOG[2] (compute-mfcc-feats:main():compute-mfcc-feats.cc:178) Processed features for key amdn_51a
LOG (compute-mfcc-feats:main():compute-mfcc-feats.cc:177) Processed 30 utterances
VLOG[2] (compute-mfcc-feats:main():compute-mfcc-feats.cc:178) Processed features for key amdn_55a
VLOG[2] (compute-mfcc-feats:main():compute-mfcc-feats.cc:178) Processed features for key amdn_5986239a
VLOG[2] (compute-mfcc-feats:main():compute-mfcc-feats.cc:178) Processed features for key amdn_5a
VLOG[2] (compute-mfcc-feats:main():compute-mfcc-feats.cc:178) Processed features for key amdn_5b
VLOG[2] (compute-mfcc-feats:main():compute-mfcc-feats.cc:178) Processed features for key amdn_5za
VLOG[2] (compute-mfcc-feats:main():compute-mfcc-feats.cc:178) Processed features for key amdn_5zz1a
VLOG[2] (compute-mfcc-feats:main():compute-mfcc-feats.cc:178) Processed features for key amdn_6151a
VLOG[2] (compute-mfcc-feats:main():compute-mfcc-feats.cc:178) Processed features for key amdn_654ooa
VLOG[2] (compute-mfcc-feats:main():compute-mfcc-feats.cc:178) Processed features for key amdn_674a
VLOG[2] (compute-mfcc-feats:main():compute-mfcc-feats.cc:178) Processed features for key amdn_6955a
LOG (compute-mfcc-feats:main():compute-mfcc-feats.cc:177) Processed 40 utterances
VLOG[2] (compute-mfcc-feats:main():compute-mfcc-feats.cc:178) Processed features for key amdn_6a
VLOG[2] (compute-mfcc-feats:main():compute-mfcc-feats.cc:178) Processed features for key amdn_6b
VLOG[2] (compute-mfcc-feats:main():compute-mfcc-feats.cc:178) Processed features for key amdn_6o1a
VLOG[2] (compute-mfcc-feats:main():compute-mfcc-feats.cc:178) Processed features for key amdn_72a
VLOG[2] (compute-mfcc-feats:main():compute-mfcc-feats.cc:178) Processed features for key amdn_72za
VLOG[2] (compute-mfcc-feats:main():compute-mfcc-feats.cc:178) Processed features for key amdn_7716668a
VLOG[2] (compute-mfcc-feats:main():compute-mfcc-feats.cc:178) Processed features for key amdn_7a
VLOG[2] (compute-mfcc-feats:main():compute-mfcc-feats.cc:178) Processed features for key amdn_7b
VLOG[2] (compute-mfcc-feats:main():compute-mfcc-feats.cc:178) Processed features for key amdn_7o523a
VLOG[2] (compute-mfcc-feats:main():compute-mfcc-feats.cc:178) Processed features for key amdn_7z6z221a
LOG (compute-mfcc-feats:main():compute-mfcc-feats.cc:177) Processed 50 utterances
VLOG[2] (compute-mfcc-feats:main():compute-mfcc-feats.cc:178) Processed features for key amdn_81a
VLOG[2] (compute-mfcc-feats:main():compute-mfcc-feats.cc:178) Processed features for key amdn_84oo77oa
VLOG[2] (compute-mfcc-feats:main():compute-mfcc-feats.cc:178) Processed features for key amdn_8826a
VLOG[2] (compute-mfcc-feats:main():compute-mfcc-feats.cc:178) Processed features for key amdn_891za
VLOG[2] (compute-mfcc-feats:main():compute-mfcc-feats.cc:178) Processed features for key amdn_8a
VLOG[2] (compute-mfcc-feats:main():compute-mfcc-feats.cc:178) Processed features for key amdn_8b
VLOG[2] (compute-mfcc-feats:main():compute-mfcc-feats.cc:178) Processed features for key amdn_8za
VLOG[2] (compute-mfcc-feats:main():compute-mfcc-feats.cc:178) Processed features for key amdn_928a
VLOG[2] (compute-mfcc-feats:main():compute-mfcc-feats.cc:178) Processed features for key amdn_96747a
VLOG[2] (compute-mfcc-feats:main():compute-mfcc-feats.cc:178) Processed features for key amdn_96879a
LOG (compute-mfcc-feats:main():compute-mfcc-feats.cc:177) Processed 60 utterances
VLOG[2] (compute-mfcc-feats:main():compute-mfcc-feats.cc:178) Processed features for key amdn_9841a
VLOG[2] (compute-mfcc-feats:main():compute-mfcc-feats.cc:178) Processed features for key amdn_9a
VLOG[2] (compute-mfcc-feats:main():compute-mfcc-feats.cc:178) Processed features for key amdn_9b
VLOG[2] (compute-mfcc-feats:main():compute-mfcc-feats.cc:178) Processed features for key amdn_9o2oa
VLOG[2] (compute-mfcc-feats:main():compute-mfcc-feats.cc:178) Processed features for key amdn_o257971a
VLOG[2] (compute-mfcc-feats:main():compute-mfcc-feats.cc:178) Processed features for key amdn_o341a
VLOG[2] (compute-mfcc-feats:main():compute-mfcc-feats.cc:178) Processed features for key amdn_o4282a
VLOG[2] (compute-mfcc-feats:main():compute-mfcc-feats.cc:178) Processed features for key amdn_o6547a
VLOG[2] (compute-mfcc-feats:main():compute-mfcc-feats.cc:178) Processed features for key amdn_o8837a
VLOG[2] (compute-mfcc-feats:main():compute-mfcc-feats.cc:178) Processed features for key amdn_oa
LOG (compute-mfcc-feats:main():compute-mfcc-feats.cc:177) Processed 70 utterances
VLOG[2] (compute-mfcc-feats:main():compute-mfcc-feats.cc:178) Processed features for key amdn_ob
VLOG[2] (compute-mfcc-feats:main():compute-mfcc-feats.cc:178) Processed features for key amdn_z5a
VLOG[2] (compute-mfcc-feats:main():compute-mfcc-feats.cc:178) Processed features for key amdn_z63a
VLOG[2] (compute-mfcc-feats:main():compute-mfcc-feats.cc:178) Processed features for key amdn_z83a
VLOG[2] (compute-mfcc-feats:main():compute-mfcc-feats.cc:178) Processed features for key amdn_z8a
VLOG[2] (compute-mfcc-feats:main():compute-mfcc-feats.cc:178) Processed features for key amdn_za
VLOG[2] (compute-mfcc-feats:main():compute-mfcc-feats.cc:178) Processed features for key amdn_zb
VLOG[2] (compute-mfcc-feats:main():compute-mfcc-feats.cc:178) Processed features for key amdn_zz94a
LOG (compute-mfcc-feats:main():compute-mfcc-feats.cc:181)  Done 77 out of 77 utterances.
LOG (copy-feats:main():copy-feats.cc:120) Copied 77 feature matrices.
# Accounting: time=2 threads=1
# Ended (code 0) at Sun Oct 30 22:05:08 EDT 2016, elapsed time 2 seconds
