# compute-mfcc-feats --verbose=2 --config=conf/mfcc.conf scp,p:exp/make_mfcc/train_digits/wav_train_digits.54.scp ark:- | copy-feats --compress=true ark:- ark,scp:/home/u/fall15/atruber/kaldi_digits/data/train_digits/data/raw_mfcc_train_digits.54.ark,/home/u/fall15/atruber/kaldi_digits/data/train_digits/data/raw_mfcc_train_digits.54.scp 
# Started at Sun Oct 30 22:05:16 EDT 2016
#
copy-feats --compress=true ark:- ark,scp:/home/u/fall15/atruber/kaldi_digits/data/train_digits/data/raw_mfcc_train_digits.54.ark,/home/u/fall15/atruber/kaldi_digits/data/train_digits/data/raw_mfcc_train_digits.54.scp 
compute-mfcc-feats --verbose=2 --config=conf/mfcc.conf scp,p:exp/make_mfcc/train_digits/wav_train_digits.54.scp ark:- 
VLOG[2] (compute-mfcc-feats:main():compute-mfcc-feats.cc:178) Processed features for key amsj_14o1a
VLOG[2] (compute-mfcc-feats:main():compute-mfcc-feats.cc:178) Processed features for key amsj_1588oa
VLOG[2] (compute-mfcc-feats:main():compute-mfcc-feats.cc:178) Processed features for key amsj_16a
VLOG[2] (compute-mfcc-feats:main():compute-mfcc-feats.cc:178) Processed features for key amsj_19a
VLOG[2] (compute-mfcc-feats:main():compute-mfcc-feats.cc:178) Processed features for key amsj_1a
VLOG[2] (compute-mfcc-feats:main():compute-mfcc-feats.cc:178) Processed features for key amsj_1b
VLOG[2] (compute-mfcc-feats:main():compute-mfcc-feats.cc:178) Processed features for key amsj_1oa
VLOG[2] (compute-mfcc-feats:main():compute-mfcc-feats.cc:178) Processed features for key amsj_21o36a
VLOG[2] (compute-mfcc-feats:main():compute-mfcc-feats.cc:178) Processed features for key amsj_22578a
LOG (compute-mfcc-feats:main():compute-mfcc-feats.cc:177) Processed 10 utterances
VLOG[2] (compute-mfcc-feats:main():compute-mfcc-feats.cc:178) Processed features for key amsj_2353327a
VLOG[2] (compute-mfcc-feats:main():compute-mfcc-feats.cc:178) Processed features for key amsj_249a
VLOG[2] (compute-mfcc-feats:main():compute-mfcc-feats.cc:178) Processed features for key amsj_2a
VLOG[2] (compute-mfcc-feats:main():compute-mfcc-feats.cc:178) Processed features for key amsj_2b
VLOG[2] (compute-mfcc-feats:main():compute-mfcc-feats.cc:178) Processed features for key amsj_2oo3946a
VLOG[2] (compute-mfcc-feats:main():compute-mfcc-feats.cc:178) Processed features for key amsj_33992a
VLOG[2] (compute-mfcc-feats:main():compute-mfcc-feats.cc:178) Processed features for key amsj_349a
VLOG[2] (compute-mfcc-feats:main():compute-mfcc-feats.cc:178) Processed features for key amsj_3728271a
VLOG[2] (compute-mfcc-feats:main():compute-mfcc-feats.cc:178) Processed features for key amsj_38116a
VLOG[2] (compute-mfcc-feats:main():compute-mfcc-feats.cc:178) Processed features for key amsj_3a
LOG (compute-mfcc-feats:main():compute-mfcc-feats.cc:177) Processed 20 utterances
VLOG[2] (compute-mfcc-feats:main():compute-mfcc-feats.cc:178) Processed features for key amsj_3b
VLOG[2] (compute-mfcc-feats:main():compute-mfcc-feats.cc:178) Processed features for key amsj_3za
VLOG[2] (compute-mfcc-feats:main():compute-mfcc-feats.cc:178) Processed features for key amsj_422z779a
VLOG[2] (compute-mfcc-feats:main():compute-mfcc-feats.cc:178) Processed features for key amsj_441a
VLOG[2] (compute-mfcc-feats:main():compute-mfcc-feats.cc:178) Processed features for key amsj_48a
VLOG[2] (compute-mfcc-feats:main():compute-mfcc-feats.cc:178) Processed features for key amsj_48b
VLOG[2] (compute-mfcc-feats:main():compute-mfcc-feats.cc:178) Processed features for key amsj_4a
VLOG[2] (compute-mfcc-feats:main():compute-mfcc-feats.cc:178) Processed features for key amsj_4b
VLOG[2] (compute-mfcc-feats:main():compute-mfcc-feats.cc:178) Processed features for key amsj_4oo4367a
VLOG[2] (compute-mfcc-feats:main():compute-mfcc-feats.cc:178) Processed features for key amsj_529a
LOG (compute-mfcc-feats:main():compute-mfcc-feats.cc:177) Processed 30 utterances
VLOG[2] (compute-mfcc-feats:main():compute-mfcc-feats.cc:178) Processed features for key amsj_531za
VLOG[2] (compute-mfcc-feats:main():compute-mfcc-feats.cc:178) Processed features for key amsj_551a
VLOG[2] (compute-mfcc-feats:main():compute-mfcc-feats.cc:178) Processed features for key amsj_561a
VLOG[2] (compute-mfcc-feats:main():compute-mfcc-feats.cc:178) Processed features for key amsj_5a
VLOG[2] (compute-mfcc-feats:main():compute-mfcc-feats.cc:178) Processed features for key amsj_5b
VLOG[2] (compute-mfcc-feats:main():compute-mfcc-feats.cc:178) Processed features for key amsj_5zz2a
VLOG[2] (compute-mfcc-feats:main():compute-mfcc-feats.cc:178) Processed features for key amsj_625za
VLOG[2] (compute-mfcc-feats:main():compute-mfcc-feats.cc:178) Processed features for key amsj_63a
VLOG[2] (compute-mfcc-feats:main():compute-mfcc-feats.cc:178) Processed features for key amsj_6a
VLOG[2] (compute-mfcc-feats:main():compute-mfcc-feats.cc:178) Processed features for key amsj_6b
LOG (compute-mfcc-feats:main():compute-mfcc-feats.cc:177) Processed 40 utterances
VLOG[2] (compute-mfcc-feats:main():compute-mfcc-feats.cc:178) Processed features for key amsj_6o7a
VLOG[2] (compute-mfcc-feats:main():compute-mfcc-feats.cc:178) Processed features for key amsj_6o842a
VLOG[2] (compute-mfcc-feats:main():compute-mfcc-feats.cc:178) Processed features for key amsj_6z3za
VLOG[2] (compute-mfcc-feats:main():compute-mfcc-feats.cc:178) Processed features for key amsj_763o57oa
VLOG[2] (compute-mfcc-feats:main():compute-mfcc-feats.cc:178) Processed features for key amsj_76561z9a
VLOG[2] (compute-mfcc-feats:main():compute-mfcc-feats.cc:178) Processed features for key amsj_772a
VLOG[2] (compute-mfcc-feats:main():compute-mfcc-feats.cc:178) Processed features for key amsj_7986a
VLOG[2] (compute-mfcc-feats:main():compute-mfcc-feats.cc:178) Processed features for key amsj_7a
VLOG[2] (compute-mfcc-feats:main():compute-mfcc-feats.cc:178) Processed features for key amsj_7b
VLOG[2] (compute-mfcc-feats:main():compute-mfcc-feats.cc:178) Processed features for key amsj_7o97132a
LOG (compute-mfcc-feats:main():compute-mfcc-feats.cc:177) Processed 50 utterances
VLOG[2] (compute-mfcc-feats:main():compute-mfcc-feats.cc:178) Processed features for key amsj_8592o2oa
VLOG[2] (compute-mfcc-feats:main():compute-mfcc-feats.cc:178) Processed features for key amsj_87375a
VLOG[2] (compute-mfcc-feats:main():compute-mfcc-feats.cc:178) Processed features for key amsj_89z9a
VLOG[2] (compute-mfcc-feats:main():compute-mfcc-feats.cc:178) Processed features for key amsj_8a
VLOG[2] (compute-mfcc-feats:main():compute-mfcc-feats.cc:178) Processed features for key amsj_8b
VLOG[2] (compute-mfcc-feats:main():compute-mfcc-feats.cc:178) Processed features for key amsj_8oo9a
VLOG[2] (compute-mfcc-feats:main():compute-mfcc-feats.cc:178) Processed features for key amsj_8z2a
VLOG[2] (compute-mfcc-feats:main():compute-mfcc-feats.cc:178) Processed features for key amsj_91866a
VLOG[2] (compute-mfcc-feats:main():compute-mfcc-feats.cc:178) Processed features for key amsj_93a
VLOG[2] (compute-mfcc-feats:main():compute-mfcc-feats.cc:178) Processed features for key amsj_94zz6a
LOG (compute-mfcc-feats:main():compute-mfcc-feats.cc:177) Processed 60 utterances
VLOG[2] (compute-mfcc-feats:main():compute-mfcc-feats.cc:178) Processed features for key amsj_981883za
VLOG[2] (compute-mfcc-feats:main():compute-mfcc-feats.cc:178) Processed features for key amsj_9a
VLOG[2] (compute-mfcc-feats:main():compute-mfcc-feats.cc:178) Processed features for key amsj_9b
VLOG[2] (compute-mfcc-feats:main():compute-mfcc-feats.cc:178) Processed features for key amsj_9o683a
VLOG[2] (compute-mfcc-feats:main():compute-mfcc-feats.cc:178) Processed features for key amsj_o173519a
VLOG[2] (compute-mfcc-feats:main():compute-mfcc-feats.cc:178) Processed features for key amsj_o524a
VLOG[2] (compute-mfcc-feats:main():compute-mfcc-feats.cc:178) Processed features for key amsj_o645a
VLOG[2] (compute-mfcc-feats:main():compute-mfcc-feats.cc:178) Processed features for key amsj_o85oa
VLOG[2] (compute-mfcc-feats:main():compute-mfcc-feats.cc:178) Processed features for key amsj_oa
VLOG[2] (compute-mfcc-feats:main():compute-mfcc-feats.cc:178) Processed features for key amsj_ob
LOG (compute-mfcc-feats:main():compute-mfcc-feats.cc:177) Processed 70 utterances
VLOG[2] (compute-mfcc-feats:main():compute-mfcc-feats.cc:178) Processed features for key amsj_ooa
VLOG[2] (compute-mfcc-feats:main():compute-mfcc-feats.cc:178) Processed features for key amsj_z17a
VLOG[2] (compute-mfcc-feats:main():compute-mfcc-feats.cc:178) Processed features for key amsj_z38a
VLOG[2] (compute-mfcc-feats:main():compute-mfcc-feats.cc:178) Processed features for key amsj_z4a
VLOG[2] (compute-mfcc-feats:main():compute-mfcc-feats.cc:178) Processed features for key amsj_z5a
VLOG[2] (compute-mfcc-feats:main():compute-mfcc-feats.cc:178) Processed features for key amsj_za
VLOG[2] (compute-mfcc-feats:main():compute-mfcc-feats.cc:178) Processed features for key amsj_zb
VLOG[2] (compute-mfcc-feats:main():compute-mfcc-feats.cc:178) Processed features for key amsj_zz782a
LOG (compute-mfcc-feats:main():compute-mfcc-feats.cc:181)  Done 77 out of 77 utterances.
LOG (copy-feats:main():copy-feats.cc:120) Copied 77 feature matrices.
# Accounting: time=2 threads=1
# Ended (code 0) at Sun Oct 30 22:05:18 EDT 2016, elapsed time 2 seconds
