# gmm-acc-stats-ali exp/mono/1.mdl "ark,s,cs:apply-cmvn  --utt2spk=ark:data/train_digits/split112/1/utt2spk scp:data/train_digits/split112/1/cmvn.scp scp:data/train_digits/split112/1/feats.scp ark:- | add-deltas ark:- ark:- |" "ark:gunzip -c exp/mono/ali.1.gz|" exp/mono/1.1.acc 
# Started at Sun Oct 30 22:09:31 EDT 2016
#
gmm-acc-stats-ali exp/mono/1.mdl 'ark,s,cs:apply-cmvn  --utt2spk=ark:data/train_digits/split112/1/utt2spk scp:data/train_digits/split112/1/cmvn.scp scp:data/train_digits/split112/1/feats.scp ark:- | add-deltas ark:- ark:- |' 'ark:gunzip -c exp/mono/ali.1.gz|' exp/mono/1.1.acc 
apply-cmvn --utt2spk=ark:data/train_digits/split112/1/utt2spk scp:data/train_digits/split112/1/cmvn.scp scp:data/train_digits/split112/1/feats.scp ark:- 
add-deltas ark:- ark:- 
WARNING (gmm-acc-stats-ali:main():gmm-acc-stats-ali.cc:79) No alignment for utterance amae_18174a
WARNING (gmm-acc-stats-ali:main():gmm-acc-stats-ali.cc:79) No alignment for utterance amae_1986a
WARNING (gmm-acc-stats-ali:main():gmm-acc-stats-ali.cc:79) No alignment for utterance amae_1z88153a
WARNING (gmm-acc-stats-ali:main():gmm-acc-stats-ali.cc:79) No alignment for utterance amae_2364213a
WARNING (gmm-acc-stats-ali:main():gmm-acc-stats-ali.cc:79) No alignment for utterance amae_2789385a
WARNING (gmm-acc-stats-ali:main():gmm-acc-stats-ali.cc:79) No alignment for utterance amae_2992a
WARNING (gmm-acc-stats-ali:main():gmm-acc-stats-ali.cc:79) No alignment for utterance amae_338z4a
WARNING (gmm-acc-stats-ali:main():gmm-acc-stats-ali.cc:79) No alignment for utterance amae_345a
WARNING (gmm-acc-stats-ali:main():gmm-acc-stats-ali.cc:79) No alignment for utterance amae_3713466a
WARNING (gmm-acc-stats-ali:main():gmm-acc-stats-ali.cc:79) No alignment for utterance amae_3o2oa
WARNING (gmm-acc-stats-ali:main():gmm-acc-stats-ali.cc:79) No alignment for utterance amae_4oo9a
WARNING (gmm-acc-stats-ali:main():gmm-acc-stats-ali.cc:79) No alignment for utterance amae_52251a
WARNING (gmm-acc-stats-ali:main():gmm-acc-stats-ali.cc:79) No alignment for utterance amae_52o82a
WARNING (gmm-acc-stats-ali:main():gmm-acc-stats-ali.cc:79) No alignment for utterance amae_59976a
WARNING (gmm-acc-stats-ali:main():gmm-acc-stats-ali.cc:79) No alignment for utterance amae_658a
WARNING (gmm-acc-stats-ali:main():gmm-acc-stats-ali.cc:79) No alignment for utterance amae_6711a
WARNING (gmm-acc-stats-ali:main():gmm-acc-stats-ali.cc:79) No alignment for utterance amae_6825969a
WARNING (gmm-acc-stats-ali:main():gmm-acc-stats-ali.cc:79) No alignment for utterance amae_6851243a
WARNING (gmm-acc-stats-ali:main():gmm-acc-stats-ali.cc:79) No alignment for utterance amae_72o3a
WARNING (gmm-acc-stats-ali:main():gmm-acc-stats-ali.cc:79) No alignment for utterance amae_75443z7a
WARNING (gmm-acc-stats-ali:main():gmm-acc-stats-ali.cc:79) No alignment for utterance amae_7588oa
WARNING (gmm-acc-stats-ali:main():gmm-acc-stats-ali.cc:79) No alignment for utterance amae_79442a
WARNING (gmm-acc-stats-ali:main():gmm-acc-stats-ali.cc:79) No alignment for utterance amae_7963a
WARNING (gmm-acc-stats-ali:main():gmm-acc-stats-ali.cc:79) No alignment for utterance amae_8397261a
WARNING (gmm-acc-stats-ali:main():gmm-acc-stats-ali.cc:79) No alignment for utterance amae_873a
WARNING (gmm-acc-stats-ali:main():gmm-acc-stats-ali.cc:79) No alignment for utterance amae_8o45647a
WARNING (gmm-acc-stats-ali:main():gmm-acc-stats-ali.cc:79) No alignment for utterance amae_91955a
WARNING (gmm-acc-stats-ali:main():gmm-acc-stats-ali.cc:79) No alignment for utterance amae_928a
WARNING (gmm-acc-stats-ali:main():gmm-acc-stats-ali.cc:79) No alignment for utterance amae_9o37oa
LOG (apply-cmvn:main():apply-cmvn.cc:146) Applied cepstral mean normalization to 77 utterances, errors on 0
WARNING (gmm-acc-stats-ali:main():gmm-acc-stats-ali.cc:79) No alignment for utterance amae_o5o1oa
WARNING (gmm-acc-stats-ali:main():gmm-acc-stats-ali.cc:79) No alignment for utterance amae_o984a
WARNING (gmm-acc-stats-ali:main():gmm-acc-stats-ali.cc:79) No alignment for utterance amae_oo74a
WARNING (gmm-acc-stats-ali:main():gmm-acc-stats-ali.cc:79) No alignment for utterance amae_z36357za
WARNING (gmm-acc-stats-ali:main():gmm-acc-stats-ali.cc:79) No alignment for utterance amae_z541a
WARNING (gmm-acc-stats-ali:main():gmm-acc-stats-ali.cc:79) No alignment for utterance amae_z9z6531a
LOG (gmm-acc-stats-ali:main():gmm-acc-stats-ali.cc:112) Done 42 files, 35 with errors.
LOG (gmm-acc-stats-ali:main():gmm-acc-stats-ali.cc:115) Overall avg like per frame (Gaussian only) = -107.384 over 4716 frames.
LOG (gmm-acc-stats-ali:main():gmm-acc-stats-ali.cc:123) Written accs.
# Accounting: time=0 threads=1
# Ended (code 0) at Sun Oct 30 22:09:31 EDT 2016, elapsed time 0 seconds
