# gmm-acc-stats-ali exp/mono/5.mdl "ark,s,cs:apply-cmvn  --utt2spk=ark:data/train_digits/split112/94/utt2spk scp:data/train_digits/split112/94/cmvn.scp scp:data/train_digits/split112/94/feats.scp ark:- | add-deltas ark:- ark:- |" "ark:gunzip -c exp/mono/ali.94.gz|" exp/mono/5.94.acc 
# Started at Sun Oct 30 22:18:45 EDT 2016
#
gmm-acc-stats-ali exp/mono/5.mdl 'ark,s,cs:apply-cmvn  --utt2spk=ark:data/train_digits/split112/94/utt2spk scp:data/train_digits/split112/94/cmvn.scp scp:data/train_digits/split112/94/feats.scp ark:- | add-deltas ark:- ark:- |' 'ark:gunzip -c exp/mono/ali.94.gz|' exp/mono/5.94.acc 
apply-cmvn --utt2spk=ark:data/train_digits/split112/94/utt2spk scp:data/train_digits/split112/94/cmvn.scp scp:data/train_digits/split112/94/feats.scp ark:- 
add-deltas ark:- ark:- 
WARNING (gmm-acc-stats-ali:main():gmm-acc-stats-ali.cc:79) No alignment for utterance awls_113z283a
WARNING (gmm-acc-stats-ali:main():gmm-acc-stats-ali.cc:79) No alignment for utterance awls_3369644a
WARNING (gmm-acc-stats-ali:main():gmm-acc-stats-ali.cc:79) No alignment for utterance awls_34943a
WARNING (gmm-acc-stats-ali:main():gmm-acc-stats-ali.cc:79) No alignment for utterance awls_381634oa
WARNING (gmm-acc-stats-ali:main():gmm-acc-stats-ali.cc:79) No alignment for utterance awls_381o173a
WARNING (gmm-acc-stats-ali:main():gmm-acc-stats-ali.cc:79) No alignment for utterance awls_4826723a
WARNING (gmm-acc-stats-ali:main():gmm-acc-stats-ali.cc:79) No alignment for utterance awls_53783a
WARNING (gmm-acc-stats-ali:main():gmm-acc-stats-ali.cc:79) No alignment for utterance awls_85z658za
LOG (gmm-acc-stats-ali:main():gmm-acc-stats-ali.cc:105) Processed 50 utterances; for utterance awls_923a avg. like is -105.521 over 175 frames.
WARNING (gmm-acc-stats-ali:main():gmm-acc-stats-ali.cc:79) No alignment for utterance awls_9547688a
WARNING (gmm-acc-stats-ali:main():gmm-acc-stats-ali.cc:79) No alignment for utterance awls_96397ooa
LOG (apply-cmvn:main():apply-cmvn.cc:146) Applied cepstral mean normalization to 77 utterances, errors on 0
LOG (gmm-acc-stats-ali:main():gmm-acc-stats-ali.cc:112) Done 67 files, 10 with errors.
LOG (gmm-acc-stats-ali:main():gmm-acc-stats-ali.cc:115) Overall avg like per frame (Gaussian only) = -103.002 over 10403 frames.
LOG (gmm-acc-stats-ali:main():gmm-acc-stats-ali.cc:123) Written accs.
# Accounting: time=0 threads=1
# Ended (code 0) at Sun Oct 30 22:18:45 EDT 2016, elapsed time 0 seconds
