# gmm-acc-stats-ali exp/mono/1.mdl "ark,s,cs:apply-cmvn  --utt2spk=ark:data/train_digits/split112/95/utt2spk scp:data/train_digits/split112/95/cmvn.scp scp:data/train_digits/split112/95/feats.scp ark:- | add-deltas ark:- ark:- |" "ark:gunzip -c exp/mono/ali.95.gz|" exp/mono/1.95.acc 
# Started at Sun Oct 30 22:09:34 EDT 2016
#
gmm-acc-stats-ali exp/mono/1.mdl 'ark,s,cs:apply-cmvn  --utt2spk=ark:data/train_digits/split112/95/utt2spk scp:data/train_digits/split112/95/cmvn.scp scp:data/train_digits/split112/95/feats.scp ark:- | add-deltas ark:- ark:- |' 'ark:gunzip -c exp/mono/ali.95.gz|' exp/mono/1.95.acc 
apply-cmvn --utt2spk=ark:data/train_digits/split112/95/utt2spk scp:data/train_digits/split112/95/cmvn.scp scp:data/train_digits/split112/95/feats.scp ark:- 
add-deltas ark:- ark:- 
WARNING (gmm-acc-stats-ali:main():gmm-acc-stats-ali.cc:79) No alignment for utterance awmk_188a
WARNING (gmm-acc-stats-ali:main():gmm-acc-stats-ali.cc:79) No alignment for utterance awmk_1o41a
WARNING (gmm-acc-stats-ali:main():gmm-acc-stats-ali.cc:79) No alignment for utterance awmk_219zz9za
WARNING (gmm-acc-stats-ali:main():gmm-acc-stats-ali.cc:79) No alignment for utterance awmk_285a
WARNING (gmm-acc-stats-ali:main():gmm-acc-stats-ali.cc:79) No alignment for utterance awmk_287a
WARNING (gmm-acc-stats-ali:main():gmm-acc-stats-ali.cc:79) No alignment for utterance awmk_2oo3122a
WARNING (gmm-acc-stats-ali:main():gmm-acc-stats-ali.cc:79) No alignment for utterance awmk_3368827a
WARNING (gmm-acc-stats-ali:main():gmm-acc-stats-ali.cc:79) No alignment for utterance awmk_365a
WARNING (gmm-acc-stats-ali:main():gmm-acc-stats-ali.cc:79) No alignment for utterance awmk_38349a
WARNING (gmm-acc-stats-ali:main():gmm-acc-stats-ali.cc:79) No alignment for utterance awmk_3866635a
WARNING (gmm-acc-stats-ali:main():gmm-acc-stats-ali.cc:79) No alignment for utterance awmk_4239932a
WARNING (gmm-acc-stats-ali:main():gmm-acc-stats-ali.cc:79) No alignment for utterance awmk_479a
WARNING (gmm-acc-stats-ali:main():gmm-acc-stats-ali.cc:79) No alignment for utterance awmk_483o7a
WARNING (gmm-acc-stats-ali:main():gmm-acc-stats-ali.cc:79) No alignment for utterance awmk_4z2z1a
WARNING (gmm-acc-stats-ali:main():gmm-acc-stats-ali.cc:79) No alignment for utterance awmk_52z56a
WARNING (gmm-acc-stats-ali:main():gmm-acc-stats-ali.cc:79) No alignment for utterance awmk_535a
WARNING (gmm-acc-stats-ali:main():gmm-acc-stats-ali.cc:79) No alignment for utterance awmk_5425858a
WARNING (gmm-acc-stats-ali:main():gmm-acc-stats-ali.cc:79) No alignment for utterance awmk_5o44o87a
WARNING (gmm-acc-stats-ali:main():gmm-acc-stats-ali.cc:79) No alignment for utterance awmk_6379a
WARNING (gmm-acc-stats-ali:main():gmm-acc-stats-ali.cc:79) No alignment for utterance awmk_6717a
WARNING (gmm-acc-stats-ali:main():gmm-acc-stats-ali.cc:79) No alignment for utterance awmk_6781625a
WARNING (gmm-acc-stats-ali:main():gmm-acc-stats-ali.cc:79) No alignment for utterance awmk_74595a
WARNING (gmm-acc-stats-ali:main():gmm-acc-stats-ali.cc:79) No alignment for utterance awmk_764z6a
WARNING (gmm-acc-stats-ali:main():gmm-acc-stats-ali.cc:79) No alignment for utterance awmk_7o94a
WARNING (gmm-acc-stats-ali:main():gmm-acc-stats-ali.cc:79) No alignment for utterance awmk_7z4z1a
WARNING (gmm-acc-stats-ali:main():gmm-acc-stats-ali.cc:79) No alignment for utterance awmk_892a
WARNING (gmm-acc-stats-ali:main():gmm-acc-stats-ali.cc:79) No alignment for utterance awmk_89o3a
WARNING (gmm-acc-stats-ali:main():gmm-acc-stats-ali.cc:79) No alignment for utterance awmk_8o693a
WARNING (gmm-acc-stats-ali:main():gmm-acc-stats-ali.cc:79) No alignment for utterance awmk_8z32a
WARNING (gmm-acc-stats-ali:main():gmm-acc-stats-ali.cc:79) No alignment for utterance awmk_8z39221a
WARNING (gmm-acc-stats-ali:main():gmm-acc-stats-ali.cc:79) No alignment for utterance awmk_9754a
WARNING (gmm-acc-stats-ali:main():gmm-acc-stats-ali.cc:79) No alignment for utterance awmk_9781zz2a
WARNING (gmm-acc-stats-ali:main():gmm-acc-stats-ali.cc:79) No alignment for utterance awmk_995oa
WARNING (gmm-acc-stats-ali:main():gmm-acc-stats-ali.cc:79) No alignment for utterance awmk_o1431ooa
LOG (apply-cmvn:main():apply-cmvn.cc:146) Applied cepstral mean normalization to 77 utterances, errors on 0
WARNING (gmm-acc-stats-ali:main():gmm-acc-stats-ali.cc:79) No alignment for utterance awmk_o2oo9a
WARNING (gmm-acc-stats-ali:main():gmm-acc-stats-ali.cc:79) No alignment for utterance awmk_z73za
WARNING (gmm-acc-stats-ali:main():gmm-acc-stats-ali.cc:79) No alignment for utterance awmk_z7712a
WARNING (gmm-acc-stats-ali:main():gmm-acc-stats-ali.cc:79) No alignment for utterance awmk_z8298a
LOG (gmm-acc-stats-ali:main():gmm-acc-stats-ali.cc:112) Done 39 files, 38 with errors.
LOG (gmm-acc-stats-ali:main():gmm-acc-stats-ali.cc:115) Overall avg like per frame (Gaussian only) = -108.41 over 4940 frames.
LOG (gmm-acc-stats-ali:main():gmm-acc-stats-ali.cc:123) Written accs.
# Accounting: time=0 threads=1
# Ended (code 0) at Sun Oct 30 22:09:34 EDT 2016, elapsed time 0 seconds
