# gmm-align-compiled --transition-scale=1.0 --acoustic-scale=0.1 --self-loop-scale=0.1 --beam=10 --retry-beam=40 --careful=false "gmm-boost-silence --boost=1.0 1 exp/mono/18.mdl - |" "ark:gunzip -c exp/mono/fsts.16.gz|" "ark,s,cs:apply-cmvn  --utt2spk=ark:data/train_digits/split112/16/utt2spk scp:data/train_digits/split112/16/cmvn.scp scp:data/train_digits/split112/16/feats.scp ark:- | add-deltas ark:- ark:- |" "ark,t:|gzip -c >exp/mono/ali.16.gz" 
# Started at Sun Oct 30 22:28:39 EDT 2016
#
gmm-align-compiled --transition-scale=1.0 --acoustic-scale=0.1 --self-loop-scale=0.1 --beam=10 --retry-beam=40 --careful=false 'gmm-boost-silence --boost=1.0 1 exp/mono/18.mdl - |' 'ark:gunzip -c exp/mono/fsts.16.gz|' 'ark,s,cs:apply-cmvn  --utt2spk=ark:data/train_digits/split112/16/utt2spk scp:data/train_digits/split112/16/cmvn.scp scp:data/train_digits/split112/16/feats.scp ark:- | add-deltas ark:- ark:- |' 'ark,t:|gzip -c >exp/mono/ali.16.gz' 
gmm-boost-silence --boost=1.0 1 exp/mono/18.mdl - 
LOG (gmm-boost-silence:main():gmm-boost-silence.cc:93) Boosted weights for 5 pdfs, by factor of 1
LOG (gmm-boost-silence:main():gmm-boost-silence.cc:103) Wrote model to -
add-deltas ark:- ark:- 
apply-cmvn --utt2spk=ark:data/train_digits/split112/16/utt2spk scp:data/train_digits/split112/16/cmvn.scp scp:data/train_digits/split112/16/feats.scp ark:- 
WARNING (gmm-align-compiled:AlignUtteranceWrapper():decoder-wrappers.cc:466) Retrying utterance amfi_2125227a with beam 40
WARNING (gmm-align-compiled:AlignUtteranceWrapper():decoder-wrappers.cc:466) Retrying utterance amfi_2868154a with beam 40
WARNING (gmm-align-compiled:AlignUtteranceWrapper():decoder-wrappers.cc:466) Retrying utterance amfi_491oo78a with beam 40
WARNING (gmm-align-compiled:AlignUtteranceWrapper():decoder-wrappers.cc:466) Retrying utterance amfi_77194a with beam 40
WARNING (gmm-align-compiled:AlignUtteranceWrapper():decoder-wrappers.cc:466) Retrying utterance amfi_887516za with beam 40
LOG (apply-cmvn:main():apply-cmvn.cc:146) Applied cepstral mean normalization to 77 utterances, errors on 0
WARNING (gmm-align-compiled:AlignUtteranceWrapper():decoder-wrappers.cc:466) Retrying utterance amfi_z8995a with beam 40
LOG (gmm-align-compiled:main():gmm-align-compiled.cc:129) Overall log-likelihood per frame is -93.6334 over 14571 frames.
LOG (gmm-align-compiled:main():gmm-align-compiled.cc:131) Retried 6 out of 77 utterances.
LOG (gmm-align-compiled:main():gmm-align-compiled.cc:133) Done 77, errors on 0
# Accounting: time=3 threads=1
# Ended (code 0) at Sun Oct 30 22:28:42 EDT 2016, elapsed time 3 seconds
