# gmm-align-compiled --transition-scale=1.0 --acoustic-scale=0.1 --self-loop-scale=0.1 --beam=10 --retry-beam=40 --careful=false "gmm-boost-silence --boost=1.0 1 exp/mono/38.mdl - |" "ark:gunzip -c exp/mono/fsts.47.gz|" "ark,s,cs:apply-cmvn  --utt2spk=ark:data/train_digits/split112/47/utt2spk scp:data/train_digits/split112/47/cmvn.scp scp:data/train_digits/split112/47/feats.scp ark:- | add-deltas ark:- ark:- |" "ark,t:|gzip -c >exp/mono/ali.47.gz" 
# Started at Sun Oct 30 22:41:37 EDT 2016
#
gmm-align-compiled --transition-scale=1.0 --acoustic-scale=0.1 --self-loop-scale=0.1 --beam=10 --retry-beam=40 --careful=false 'gmm-boost-silence --boost=1.0 1 exp/mono/38.mdl - |' 'ark:gunzip -c exp/mono/fsts.47.gz|' 'ark,s,cs:apply-cmvn  --utt2spk=ark:data/train_digits/split112/47/utt2spk scp:data/train_digits/split112/47/cmvn.scp scp:data/train_digits/split112/47/feats.scp ark:- | add-deltas ark:- ark:- |' 'ark,t:|gzip -c >exp/mono/ali.47.gz' 
gmm-boost-silence --boost=1.0 1 exp/mono/38.mdl - 
LOG (gmm-boost-silence:main():gmm-boost-silence.cc:93) Boosted weights for 5 pdfs, by factor of 1
LOG (gmm-boost-silence:main():gmm-boost-silence.cc:103) Wrote model to -
apply-cmvn --utt2spk=ark:data/train_digits/split112/47/utt2spk scp:data/train_digits/split112/47/cmvn.scp scp:data/train_digits/split112/47/feats.scp ark:- 
add-deltas ark:- ark:- 
WARNING (gmm-align-compiled:AlignUtteranceWrapper():decoder-wrappers.cc:466) Retrying utterance amnr_5377643a with beam 40
WARNING (gmm-align-compiled:AlignUtteranceWrapper():decoder-wrappers.cc:466) Retrying utterance amnr_73z2633a with beam 40
WARNING (gmm-align-compiled:AlignUtteranceWrapper():decoder-wrappers.cc:466) Retrying utterance amnr_7889491a with beam 40
WARNING (gmm-align-compiled:AlignUtteranceWrapper():decoder-wrappers.cc:466) Retrying utterance amnr_7o328a with beam 40
WARNING (gmm-align-compiled:AlignUtteranceWrapper():decoder-wrappers.cc:466) Retrying utterance amnr_8643849a with beam 40
LOG (apply-cmvn:main():apply-cmvn.cc:146) Applied cepstral mean normalization to 77 utterances, errors on 0
WARNING (gmm-align-compiled:AlignUtteranceWrapper():decoder-wrappers.cc:466) Retrying utterance amnr_zz8378za with beam 40
LOG (gmm-align-compiled:main():gmm-align-compiled.cc:129) Overall log-likelihood per frame is -93.8839 over 12295 frames.
LOG (gmm-align-compiled:main():gmm-align-compiled.cc:131) Retried 6 out of 77 utterances.
LOG (gmm-align-compiled:main():gmm-align-compiled.cc:133) Done 77, errors on 0
# Accounting: time=6 threads=1
# Ended (code 0) at Sun Oct 30 22:41:43 EDT 2016, elapsed time 6 seconds
