# gmm-align-compiled --transition-scale=1.0 --acoustic-scale=0.1 --self-loop-scale=0.1 --beam=10 --retry-beam=40 --careful=false "gmm-boost-silence --boost=1.0 1 exp/mono/20.mdl - |" "ark:gunzip -c exp/mono/fsts.36.gz|" "ark,s,cs:apply-cmvn  --utt2spk=ark:data/train_digits/split112/36/utt2spk scp:data/train_digits/split112/36/cmvn.scp scp:data/train_digits/split112/36/feats.scp ark:- | add-deltas ark:- ark:- |" "ark,t:|gzip -c >exp/mono/ali.36.gz" 
# Started at Sun Oct 30 22:29:52 EDT 2016
#
gmm-align-compiled --transition-scale=1.0 --acoustic-scale=0.1 --self-loop-scale=0.1 --beam=10 --retry-beam=40 --careful=false 'gmm-boost-silence --boost=1.0 1 exp/mono/20.mdl - |' 'ark:gunzip -c exp/mono/fsts.36.gz|' 'ark,s,cs:apply-cmvn  --utt2spk=ark:data/train_digits/split112/36/utt2spk scp:data/train_digits/split112/36/cmvn.scp scp:data/train_digits/split112/36/feats.scp ark:- | add-deltas ark:- ark:- |' 'ark,t:|gzip -c >exp/mono/ali.36.gz' 
gmm-boost-silence --boost=1.0 1 exp/mono/20.mdl - 
LOG (gmm-boost-silence:main():gmm-boost-silence.cc:93) Boosted weights for 5 pdfs, by factor of 1
LOG (gmm-boost-silence:main():gmm-boost-silence.cc:103) Wrote model to -
add-deltas ark:- ark:- 
apply-cmvn --utt2spk=ark:data/train_digits/split112/36/utt2spk scp:data/train_digits/split112/36/cmvn.scp scp:data/train_digits/split112/36/feats.scp ark:- 
WARNING (gmm-align-compiled:AlignUtteranceWrapper():decoder-wrappers.cc:466) Retrying utterance amkp_279o938a with beam 40
WARNING (gmm-align-compiled:AlignUtteranceWrapper():decoder-wrappers.cc:466) Retrying utterance amkp_43752a with beam 40
WARNING (gmm-align-compiled:AlignUtteranceWrapper():decoder-wrappers.cc:466) Retrying utterance amkp_5786685a with beam 40
WARNING (gmm-align-compiled:AlignUtteranceWrapper():decoder-wrappers.cc:466) Retrying utterance amkp_734644oa with beam 40
WARNING (gmm-align-compiled:AlignUtteranceWrapper():decoder-wrappers.cc:466) Retrying utterance amkp_79877o8a with beam 40
WARNING (gmm-align-compiled:AlignUtteranceWrapper():decoder-wrappers.cc:466) Retrying utterance amkp_9419648a with beam 40
WARNING (gmm-align-compiled:AlignUtteranceWrapper():decoder-wrappers.cc:466) Retrying utterance amkp_o3o5544a with beam 40
LOG (apply-cmvn:main():apply-cmvn.cc:146) Applied cepstral mean normalization to 77 utterances, errors on 0
LOG (gmm-align-compiled:main():gmm-align-compiled.cc:129) Overall log-likelihood per frame is -93.5237 over 14628 frames.
LOG (gmm-align-compiled:main():gmm-align-compiled.cc:131) Retried 7 out of 77 utterances.
LOG (gmm-align-compiled:main():gmm-align-compiled.cc:133) Done 77, errors on 0
# Accounting: time=3 threads=1
# Ended (code 0) at Sun Oct 30 22:29:55 EDT 2016, elapsed time 3 seconds
