# gmm-align-compiled --transition-scale=1.0 --acoustic-scale=0.1 --self-loop-scale=0.1 --beam=10 --retry-beam=40 --careful=false "gmm-boost-silence --boost=1.0 1 exp/mono/29.mdl - |" "ark:gunzip -c exp/mono/fsts.95.gz|" "ark,s,cs:apply-cmvn  --utt2spk=ark:data/train_digits/split112/95/utt2spk scp:data/train_digits/split112/95/cmvn.scp scp:data/train_digits/split112/95/feats.scp ark:- | add-deltas ark:- ark:- |" "ark,t:|gzip -c >exp/mono/ali.95.gz" 
# Started at Sun Oct 30 22:35:46 EDT 2016
#
gmm-align-compiled --transition-scale=1.0 --acoustic-scale=0.1 --self-loop-scale=0.1 --beam=10 --retry-beam=40 --careful=false 'gmm-boost-silence --boost=1.0 1 exp/mono/29.mdl - |' 'ark:gunzip -c exp/mono/fsts.95.gz|' 'ark,s,cs:apply-cmvn  --utt2spk=ark:data/train_digits/split112/95/utt2spk scp:data/train_digits/split112/95/cmvn.scp scp:data/train_digits/split112/95/feats.scp ark:- | add-deltas ark:- ark:- |' 'ark,t:|gzip -c >exp/mono/ali.95.gz' 
gmm-boost-silence --boost=1.0 1 exp/mono/29.mdl - 
LOG (gmm-boost-silence:main():gmm-boost-silence.cc:93) Boosted weights for 5 pdfs, by factor of 1
LOG (gmm-boost-silence:main():gmm-boost-silence.cc:103) Wrote model to -
apply-cmvn --utt2spk=ark:data/train_digits/split112/95/utt2spk scp:data/train_digits/split112/95/cmvn.scp scp:data/train_digits/split112/95/feats.scp ark:- 
add-deltas ark:- ark:- 
WARNING (gmm-align-compiled:AlignUtteranceWrapper():decoder-wrappers.cc:466) Retrying utterance awmk_3368827a with beam 40
WARNING (gmm-align-compiled:AlignUtteranceWrapper():decoder-wrappers.cc:466) Retrying utterance awmk_38349a with beam 40
WARNING (gmm-align-compiled:AlignUtteranceWrapper():decoder-wrappers.cc:466) Retrying utterance awmk_3866635a with beam 40
WARNING (gmm-align-compiled:AlignUtteranceWrapper():decoder-wrappers.cc:466) Retrying utterance awmk_4239932a with beam 40
WARNING (gmm-align-compiled:AlignUtteranceWrapper():decoder-wrappers.cc:466) Retrying utterance awmk_483o7a with beam 40
WARNING (gmm-align-compiled:AlignUtteranceWrapper():decoder-wrappers.cc:466) Retrying utterance awmk_5425858a with beam 40
LOG (apply-cmvn:main():apply-cmvn.cc:146) Applied cepstral mean normalization to 77 utterances, errors on 0
LOG (gmm-align-compiled:main():gmm-align-compiled.cc:129) Overall log-likelihood per frame is -95.7312 over 14388 frames.
LOG (gmm-align-compiled:main():gmm-align-compiled.cc:131) Retried 6 out of 77 utterances.
LOG (gmm-align-compiled:main():gmm-align-compiled.cc:133) Done 77, errors on 0
# Accounting: time=8 threads=1
# Ended (code 0) at Sun Oct 30 22:35:54 EDT 2016, elapsed time 8 seconds
