# gmm-align-compiled --transition-scale=1.0 --acoustic-scale=0.1 --self-loop-scale=0.1 --beam=6 --retry-beam=24 --careful=false "gmm-boost-silence --boost=1.0 1 exp/mono/1.mdl - |" "ark:gunzip -c exp/mono/fsts.29.gz|" "ark,s,cs:apply-cmvn  --utt2spk=ark:data/train_digits/split112/29/utt2spk scp:data/train_digits/split112/29/cmvn.scp scp:data/train_digits/split112/29/feats.scp ark:- | add-deltas ark:- ark:- |" "ark,t:|gzip -c >exp/mono/ali.29.gz" 
# Started at Sun Oct 30 22:08:00 EDT 2016
#
gmm-align-compiled --transition-scale=1.0 --acoustic-scale=0.1 --self-loop-scale=0.1 --beam=6 --retry-beam=24 --careful=false 'gmm-boost-silence --boost=1.0 1 exp/mono/1.mdl - |' 'ark:gunzip -c exp/mono/fsts.29.gz|' 'ark,s,cs:apply-cmvn  --utt2spk=ark:data/train_digits/split112/29/utt2spk scp:data/train_digits/split112/29/cmvn.scp scp:data/train_digits/split112/29/feats.scp ark:- | add-deltas ark:- ark:- |' 'ark,t:|gzip -c >exp/mono/ali.29.gz' 
gmm-boost-silence --boost=1.0 1 exp/mono/1.mdl - 
LOG (gmm-boost-silence:main():gmm-boost-silence.cc:93) Boosted weights for 5 pdfs, by factor of 1
LOG (gmm-boost-silence:main():gmm-boost-silence.cc:103) Wrote model to -
apply-cmvn --utt2spk=ark:data/train_digits/split112/29/utt2spk scp:data/train_digits/split112/29/cmvn.scp scp:data/train_digits/split112/29/feats.scp ark:- 
add-deltas ark:- ark:- 
WARNING (gmm-align-compiled:AlignUtteranceWrapper():decoder-wrappers.cc:466) Retrying utterance amie_12648a with beam 24
WARNING (gmm-align-compiled:AlignUtteranceWrapper():decoder-wrappers.cc:475) Did not successfully decode file amie_12648a, len = 189
WARNING (gmm-align-compiled:AlignUtteranceWrapper():decoder-wrappers.cc:466) Retrying utterance amie_147z2a with beam 24
WARNING (gmm-align-compiled:AlignUtteranceWrapper():decoder-wrappers.cc:475) Did not successfully decode file amie_147z2a, len = 263
WARNING (gmm-align-compiled:AlignUtteranceWrapper():decoder-wrappers.cc:466) Retrying utterance amie_1656a with beam 24
WARNING (gmm-align-compiled:AlignUtteranceWrapper():decoder-wrappers.cc:475) Did not successfully decode file amie_1656a, len = 232
WARNING (gmm-align-compiled:AlignUtteranceWrapper():decoder-wrappers.cc:466) Retrying utterance amie_18a with beam 24
WARNING (gmm-align-compiled:AlignUtteranceWrapper():decoder-wrappers.cc:466) Retrying utterance amie_1o4a with beam 24
WARNING (gmm-align-compiled:AlignUtteranceWrapper():decoder-wrappers.cc:466) Retrying utterance amie_22a with beam 24
WARNING (gmm-align-compiled:AlignUtteranceWrapper():decoder-wrappers.cc:466) Retrying utterance amie_267z921a with beam 24
WARNING (gmm-align-compiled:AlignUtteranceWrapper():decoder-wrappers.cc:475) Did not successfully decode file amie_267z921a, len = 276
WARNING (gmm-align-compiled:AlignUtteranceWrapper():decoder-wrappers.cc:466) Retrying utterance amie_27o8546a with beam 24
WARNING (gmm-align-compiled:AlignUtteranceWrapper():decoder-wrappers.cc:475) Did not successfully decode file amie_27o8546a, len = 299
WARNING (gmm-align-compiled:AlignUtteranceWrapper():decoder-wrappers.cc:466) Retrying utterance amie_2b with beam 24
WARNING (gmm-align-compiled:AlignUtteranceWrapper():decoder-wrappers.cc:466) Retrying utterance amie_2o619a with beam 24
WARNING (gmm-align-compiled:AlignUtteranceWrapper():decoder-wrappers.cc:475) Did not successfully decode file amie_2o619a, len = 196
WARNING (gmm-align-compiled:AlignUtteranceWrapper():decoder-wrappers.cc:466) Retrying utterance amie_2o81oa with beam 24
WARNING (gmm-align-compiled:AlignUtteranceWrapper():decoder-wrappers.cc:475) Did not successfully decode file amie_2o81oa, len = 213
WARNING (gmm-align-compiled:AlignUtteranceWrapper():decoder-wrappers.cc:466) Retrying utterance amie_3213959a with beam 24
WARNING (gmm-align-compiled:AlignUtteranceWrapper():decoder-wrappers.cc:475) Did not successfully decode file amie_3213959a, len = 299
WARNING (gmm-align-compiled:AlignUtteranceWrapper():decoder-wrappers.cc:466) Retrying utterance amie_353a with beam 24
WARNING (gmm-align-compiled:AlignUtteranceWrapper():decoder-wrappers.cc:475) Did not successfully decode file amie_353a, len = 176
WARNING (gmm-align-compiled:AlignUtteranceWrapper():decoder-wrappers.cc:466) Retrying utterance amie_36o2a with beam 24
WARNING (gmm-align-compiled:AlignUtteranceWrapper():decoder-wrappers.cc:475) Did not successfully decode file amie_36o2a, len = 173
WARNING (gmm-align-compiled:AlignUtteranceWrapper():decoder-wrappers.cc:466) Retrying utterance amie_3a with beam 24
WARNING (gmm-align-compiled:AlignUtteranceWrapper():decoder-wrappers.cc:466) Retrying utterance amie_3b with beam 24
WARNING (gmm-align-compiled:AlignUtteranceWrapper():decoder-wrappers.cc:466) Retrying utterance amie_3o7a with beam 24
WARNING (gmm-align-compiled:AlignUtteranceWrapper():decoder-wrappers.cc:475) Did not successfully decode file amie_3o7a, len = 146
WARNING (gmm-align-compiled:AlignUtteranceWrapper():decoder-wrappers.cc:466) Retrying utterance amie_3oooa with beam 24
WARNING (gmm-align-compiled:AlignUtteranceWrapper():decoder-wrappers.cc:466) Retrying utterance amie_4237452a with beam 24
WARNING (gmm-align-compiled:AlignUtteranceWrapper():decoder-wrappers.cc:475) Did not successfully decode file amie_4237452a, len = 304
WARNING (gmm-align-compiled:AlignUtteranceWrapper():decoder-wrappers.cc:466) Retrying utterance amie_4882414a with beam 24
WARNING (gmm-align-compiled:AlignUtteranceWrapper():decoder-wrappers.cc:475) Did not successfully decode file amie_4882414a, len = 294
WARNING (gmm-align-compiled:AlignUtteranceWrapper():decoder-wrappers.cc:466) Retrying utterance amie_4a with beam 24
WARNING (gmm-align-compiled:AlignUtteranceWrapper():decoder-wrappers.cc:466) Retrying utterance amie_4b with beam 24
WARNING (gmm-align-compiled:AlignUtteranceWrapper():decoder-wrappers.cc:466) Retrying utterance amie_4o6a with beam 24
WARNING (gmm-align-compiled:AlignUtteranceWrapper():decoder-wrappers.cc:466) Retrying utterance amie_4o9a with beam 24
WARNING (gmm-align-compiled:AlignUtteranceWrapper():decoder-wrappers.cc:466) Retrying utterance amie_4za with beam 24
WARNING (gmm-align-compiled:AlignUtteranceWrapper():decoder-wrappers.cc:466) Retrying utterance amie_53168a with beam 24
WARNING (gmm-align-compiled:AlignUtteranceWrapper():decoder-wrappers.cc:475) Did not successfully decode file amie_53168a, len = 216
WARNING (gmm-align-compiled:AlignUtteranceWrapper():decoder-wrappers.cc:466) Retrying utterance amie_55a with beam 24
WARNING (gmm-align-compiled:AlignUtteranceWrapper():decoder-wrappers.cc:466) Retrying utterance amie_55b with beam 24
WARNING (gmm-align-compiled:AlignUtteranceWrapper():decoder-wrappers.cc:466) Retrying utterance amie_5629a with beam 24
WARNING (gmm-align-compiled:AlignUtteranceWrapper():decoder-wrappers.cc:475) Did not successfully decode file amie_5629a, len = 207
WARNING (gmm-align-compiled:AlignUtteranceWrapper():decoder-wrappers.cc:466) Retrying utterance amie_58a with beam 24
WARNING (gmm-align-compiled:AlignUtteranceWrapper():decoder-wrappers.cc:466) Retrying utterance amie_5a with beam 24
WARNING (gmm-align-compiled:AlignUtteranceWrapper():decoder-wrappers.cc:466) Retrying utterance amie_5b with beam 24
WARNING (gmm-align-compiled:AlignUtteranceWrapper():decoder-wrappers.cc:466) Retrying utterance amie_61352a with beam 24
WARNING (gmm-align-compiled:AlignUtteranceWrapper():decoder-wrappers.cc:475) Did not successfully decode file amie_61352a, len = 218
WARNING (gmm-align-compiled:AlignUtteranceWrapper():decoder-wrappers.cc:466) Retrying utterance amie_62a with beam 24
WARNING (gmm-align-compiled:AlignUtteranceWrapper():decoder-wrappers.cc:466) Retrying utterance amie_669a with beam 24
WARNING (gmm-align-compiled:AlignUtteranceWrapper():decoder-wrappers.cc:466) Retrying utterance amie_6z65za with beam 24
WARNING (gmm-align-compiled:AlignUtteranceWrapper():decoder-wrappers.cc:475) Did not successfully decode file amie_6z65za, len = 260
WARNING (gmm-align-compiled:AlignUtteranceWrapper():decoder-wrappers.cc:466) Retrying utterance amie_6za with beam 24
WARNING (gmm-align-compiled:AlignUtteranceWrapper():decoder-wrappers.cc:466) Retrying utterance amie_7231a with beam 24
WARNING (gmm-align-compiled:AlignUtteranceWrapper():decoder-wrappers.cc:475) Did not successfully decode file amie_7231a, len = 194
WARNING (gmm-align-compiled:AlignUtteranceWrapper():decoder-wrappers.cc:466) Retrying utterance amie_7336a with beam 24
WARNING (gmm-align-compiled:AlignUtteranceWrapper():decoder-wrappers.cc:475) Did not successfully decode file amie_7336a, len = 241
WARNING (gmm-align-compiled:AlignUtteranceWrapper():decoder-wrappers.cc:466) Retrying utterance amie_75z5a with beam 24
WARNING (gmm-align-compiled:AlignUtteranceWrapper():decoder-wrappers.cc:475) Did not successfully decode file amie_75z5a, len = 221
WARNING (gmm-align-compiled:AlignUtteranceWrapper():decoder-wrappers.cc:466) Retrying utterance amie_777a with beam 24
WARNING (gmm-align-compiled:AlignUtteranceWrapper():decoder-wrappers.cc:475) Did not successfully decode file amie_777a, len = 214
WARNING (gmm-align-compiled:AlignUtteranceWrapper():decoder-wrappers.cc:466) Retrying utterance amie_7984a with beam 24
WARNING (gmm-align-compiled:AlignUtteranceWrapper():decoder-wrappers.cc:475) Did not successfully decode file amie_7984a, len = 210
WARNING (gmm-align-compiled:AlignUtteranceWrapper():decoder-wrappers.cc:466) Retrying utterance amie_7a with beam 24
WARNING (gmm-align-compiled:AlignUtteranceWrapper():decoder-wrappers.cc:466) Retrying utterance amie_7b with beam 24
WARNING (gmm-align-compiled:AlignUtteranceWrapper():decoder-wrappers.cc:466) Retrying utterance amie_817a with beam 24
WARNING (gmm-align-compiled:AlignUtteranceWrapper():decoder-wrappers.cc:475) Did not successfully decode file amie_817a, len = 161
WARNING (gmm-align-compiled:AlignUtteranceWrapper():decoder-wrappers.cc:466) Retrying utterance amie_864a with beam 24
WARNING (gmm-align-compiled:AlignUtteranceWrapper():decoder-wrappers.cc:475) Did not successfully decode file amie_864a, len = 150
WARNING (gmm-align-compiled:AlignUtteranceWrapper():decoder-wrappers.cc:466) Retrying utterance amie_876o186a with beam 24
WARNING (gmm-align-compiled:AlignUtteranceWrapper():decoder-wrappers.cc:475) Did not successfully decode file amie_876o186a, len = 322
WARNING (gmm-align-compiled:AlignUtteranceWrapper():decoder-wrappers.cc:466) Retrying utterance amie_8a with beam 24
WARNING (gmm-align-compiled:AlignUtteranceWrapper():decoder-wrappers.cc:466) Retrying utterance amie_8b with beam 24
WARNING (gmm-align-compiled:AlignUtteranceWrapper():decoder-wrappers.cc:466) Retrying utterance amie_8z57a with beam 24
WARNING (gmm-align-compiled:AlignUtteranceWrapper():decoder-wrappers.cc:475) Did not successfully decode file amie_8z57a, len = 200
WARNING (gmm-align-compiled:AlignUtteranceWrapper():decoder-wrappers.cc:466) Retrying utterance amie_8za with beam 24
WARNING (gmm-align-compiled:AlignUtteranceWrapper():decoder-wrappers.cc:466) Retrying utterance amie_917a with beam 24
WARNING (gmm-align-compiled:AlignUtteranceWrapper():decoder-wrappers.cc:475) Did not successfully decode file amie_917a, len = 145
WARNING (gmm-align-compiled:AlignUtteranceWrapper():decoder-wrappers.cc:466) Retrying utterance amie_925o9a with beam 24
WARNING (gmm-align-compiled:AlignUtteranceWrapper():decoder-wrappers.cc:475) Did not successfully decode file amie_925o9a, len = 207
WARNING (gmm-align-compiled:AlignUtteranceWrapper():decoder-wrappers.cc:466) Retrying utterance amie_942zz3za with beam 24
WARNING (gmm-align-compiled:AlignUtteranceWrapper():decoder-wrappers.cc:475) Did not successfully decode file amie_942zz3za, len = 318
WARNING (gmm-align-compiled:AlignUtteranceWrapper():decoder-wrappers.cc:466) Retrying utterance amie_9824z79a with beam 24
WARNING (gmm-align-compiled:AlignUtteranceWrapper():decoder-wrappers.cc:475) Did not successfully decode file amie_9824z79a, len = 303
WARNING (gmm-align-compiled:AlignUtteranceWrapper():decoder-wrappers.cc:466) Retrying utterance amie_999za with beam 24
WARNING (gmm-align-compiled:AlignUtteranceWrapper():decoder-wrappers.cc:475) Did not successfully decode file amie_999za, len = 184
WARNING (gmm-align-compiled:AlignUtteranceWrapper():decoder-wrappers.cc:466) Retrying utterance amie_9a with beam 24
WARNING (gmm-align-compiled:AlignUtteranceWrapper():decoder-wrappers.cc:466) Retrying utterance amie_9b with beam 24
WARNING (gmm-align-compiled:AlignUtteranceWrapper():decoder-wrappers.cc:466) Retrying utterance amie_o2oa with beam 24
LOG (apply-cmvn:main():apply-cmvn.cc:146) Applied cepstral mean normalization to 77 utterances, errors on 0
WARNING (gmm-align-compiled:AlignUtteranceWrapper():decoder-wrappers.cc:466) Retrying utterance amie_o338932a with beam 24
WARNING (gmm-align-compiled:AlignUtteranceWrapper():decoder-wrappers.cc:475) Did not successfully decode file amie_o338932a, len = 328
WARNING (gmm-align-compiled:AlignUtteranceWrapper():decoder-wrappers.cc:466) Retrying utterance amie_o4734a with beam 24
WARNING (gmm-align-compiled:AlignUtteranceWrapper():decoder-wrappers.cc:475) Did not successfully decode file amie_o4734a, len = 271
WARNING (gmm-align-compiled:AlignUtteranceWrapper():decoder-wrappers.cc:466) Retrying utterance amie_o51o1ooa with beam 24
WARNING (gmm-align-compiled:AlignUtteranceWrapper():decoder-wrappers.cc:475) Did not successfully decode file amie_o51o1ooa, len = 314
WARNING (gmm-align-compiled:AlignUtteranceWrapper():decoder-wrappers.cc:466) Retrying utterance amie_o59o7a with beam 24
WARNING (gmm-align-compiled:AlignUtteranceWrapper():decoder-wrappers.cc:475) Did not successfully decode file amie_o59o7a, len = 245
WARNING (gmm-align-compiled:AlignUtteranceWrapper():decoder-wrappers.cc:466) Retrying utterance amie_z115122a with beam 24
WARNING (gmm-align-compiled:AlignUtteranceWrapper():decoder-wrappers.cc:475) Did not successfully decode file amie_z115122a, len = 298
WARNING (gmm-align-compiled:AlignUtteranceWrapper():decoder-wrappers.cc:466) Retrying utterance amie_z4958a with beam 24
WARNING (gmm-align-compiled:AlignUtteranceWrapper():decoder-wrappers.cc:475) Did not successfully decode file amie_z4958a, len = 239
WARNING (gmm-align-compiled:AlignUtteranceWrapper():decoder-wrappers.cc:466) Retrying utterance amie_z8a with beam 24
WARNING (gmm-align-compiled:AlignUtteranceWrapper():decoder-wrappers.cc:466) Retrying utterance amie_zz87a with beam 24
WARNING (gmm-align-compiled:AlignUtteranceWrapper():decoder-wrappers.cc:475) Did not successfully decode file amie_zz87a, len = 208
LOG (gmm-align-compiled:main():gmm-align-compiled.cc:129) Overall log-likelihood per frame is -106.92 over 5123 frames.
LOG (gmm-align-compiled:main():gmm-align-compiled.cc:131) Retried 67 out of 77 utterances.
LOG (gmm-align-compiled:main():gmm-align-compiled.cc:133) Done 39, errors on 38
# Accounting: time=8 threads=1
# Ended (code 0) at Sun Oct 30 22:08:08 EDT 2016, elapsed time 8 seconds
