# gmm-align-compiled --transition-scale=1.0 --acoustic-scale=0.1 --self-loop-scale=0.1 --beam=6 --retry-beam=24 --careful=false "gmm-boost-silence --boost=1.0 1 exp/mono/1.mdl - |" "ark:gunzip -c exp/mono/fsts.88.gz|" "ark,s,cs:apply-cmvn  --utt2spk=ark:data/train_digits/split112/88/utt2spk scp:data/train_digits/split112/88/cmvn.scp scp:data/train_digits/split112/88/feats.scp ark:- | add-deltas ark:- ark:- |" "ark,t:|gzip -c >exp/mono/ali.88.gz" 
# Started at Sun Oct 30 22:08:58 EDT 2016
#
gmm-align-compiled --transition-scale=1.0 --acoustic-scale=0.1 --self-loop-scale=0.1 --beam=6 --retry-beam=24 --careful=false 'gmm-boost-silence --boost=1.0 1 exp/mono/1.mdl - |' 'ark:gunzip -c exp/mono/fsts.88.gz|' 'ark,s,cs:apply-cmvn  --utt2spk=ark:data/train_digits/split112/88/utt2spk scp:data/train_digits/split112/88/cmvn.scp scp:data/train_digits/split112/88/feats.scp ark:- | add-deltas ark:- ark:- |' 'ark,t:|gzip -c >exp/mono/ali.88.gz' 
gmm-boost-silence --boost=1.0 1 exp/mono/1.mdl - 
LOG (gmm-boost-silence:main():gmm-boost-silence.cc:93) Boosted weights for 5 pdfs, by factor of 1
LOG (gmm-boost-silence:main():gmm-boost-silence.cc:103) Wrote model to -
apply-cmvn --utt2spk=ark:data/train_digits/split112/88/utt2spk scp:data/train_digits/split112/88/cmvn.scp scp:data/train_digits/split112/88/feats.scp ark:- 
add-deltas ark:- ark:- 
WARNING (gmm-align-compiled:AlignUtteranceWrapper():decoder-wrappers.cc:466) Retrying utterance awkh_11352a with beam 24
WARNING (gmm-align-compiled:AlignUtteranceWrapper():decoder-wrappers.cc:475) Did not successfully decode file awkh_11352a, len = 253
WARNING (gmm-align-compiled:AlignUtteranceWrapper():decoder-wrappers.cc:466) Retrying utterance awkh_1273a with beam 24
WARNING (gmm-align-compiled:AlignUtteranceWrapper():decoder-wrappers.cc:475) Did not successfully decode file awkh_1273a, len = 208
WARNING (gmm-align-compiled:AlignUtteranceWrapper():decoder-wrappers.cc:466) Retrying utterance awkh_14a with beam 24
WARNING (gmm-align-compiled:AlignUtteranceWrapper():decoder-wrappers.cc:466) Retrying utterance awkh_15o1o89a with beam 24
WARNING (gmm-align-compiled:AlignUtteranceWrapper():decoder-wrappers.cc:475) Did not successfully decode file awkh_15o1o89a, len = 289
WARNING (gmm-align-compiled:AlignUtteranceWrapper():decoder-wrappers.cc:466) Retrying utterance awkh_16a with beam 24
WARNING (gmm-align-compiled:AlignUtteranceWrapper():decoder-wrappers.cc:466) Retrying utterance awkh_21a with beam 24
WARNING (gmm-align-compiled:AlignUtteranceWrapper():decoder-wrappers.cc:466) Retrying utterance awkh_238z3a with beam 24
WARNING (gmm-align-compiled:AlignUtteranceWrapper():decoder-wrappers.cc:475) Did not successfully decode file awkh_238z3a, len = 203
WARNING (gmm-align-compiled:AlignUtteranceWrapper():decoder-wrappers.cc:466) Retrying utterance awkh_23a with beam 24
WARNING (gmm-align-compiled:AlignUtteranceWrapper():decoder-wrappers.cc:466) Retrying utterance awkh_28a with beam 24
WARNING (gmm-align-compiled:AlignUtteranceWrapper():decoder-wrappers.cc:466) Retrying utterance awkh_2za with beam 24
WARNING (gmm-align-compiled:AlignUtteranceWrapper():decoder-wrappers.cc:466) Retrying utterance awkh_3118a with beam 24
WARNING (gmm-align-compiled:AlignUtteranceWrapper():decoder-wrappers.cc:475) Did not successfully decode file awkh_3118a, len = 187
WARNING (gmm-align-compiled:AlignUtteranceWrapper():decoder-wrappers.cc:466) Retrying utterance awkh_316a with beam 24
WARNING (gmm-align-compiled:AlignUtteranceWrapper():decoder-wrappers.cc:466) Retrying utterance awkh_32151a with beam 24
WARNING (gmm-align-compiled:AlignUtteranceWrapper():decoder-wrappers.cc:475) Did not successfully decode file awkh_32151a, len = 216
WARNING (gmm-align-compiled:AlignUtteranceWrapper():decoder-wrappers.cc:466) Retrying utterance awkh_373a with beam 24
WARNING (gmm-align-compiled:AlignUtteranceWrapper():decoder-wrappers.cc:475) Did not successfully decode file awkh_373a, len = 163
WARNING (gmm-align-compiled:AlignUtteranceWrapper():decoder-wrappers.cc:466) Retrying utterance awkh_3a with beam 24
WARNING (gmm-align-compiled:AlignUtteranceWrapper():decoder-wrappers.cc:466) Retrying utterance awkh_3b with beam 24
WARNING (gmm-align-compiled:AlignUtteranceWrapper():decoder-wrappers.cc:466) Retrying utterance awkh_3oa with beam 24
WARNING (gmm-align-compiled:AlignUtteranceWrapper():decoder-wrappers.cc:466) Retrying utterance awkh_43a with beam 24
WARNING (gmm-align-compiled:AlignUtteranceWrapper():decoder-wrappers.cc:466) Retrying utterance awkh_453o196a with beam 24
WARNING (gmm-align-compiled:AlignUtteranceWrapper():decoder-wrappers.cc:475) Did not successfully decode file awkh_453o196a, len = 306
WARNING (gmm-align-compiled:AlignUtteranceWrapper():decoder-wrappers.cc:466) Retrying utterance awkh_45858a with beam 24
WARNING (gmm-align-compiled:AlignUtteranceWrapper():decoder-wrappers.cc:475) Did not successfully decode file awkh_45858a, len = 195
WARNING (gmm-align-compiled:AlignUtteranceWrapper():decoder-wrappers.cc:466) Retrying utterance awkh_4826177a with beam 24
WARNING (gmm-align-compiled:AlignUtteranceWrapper():decoder-wrappers.cc:475) Did not successfully decode file awkh_4826177a, len = 406
WARNING (gmm-align-compiled:AlignUtteranceWrapper():decoder-wrappers.cc:466) Retrying utterance awkh_4989a with beam 24
WARNING (gmm-align-compiled:AlignUtteranceWrapper():decoder-wrappers.cc:475) Did not successfully decode file awkh_4989a, len = 167
WARNING (gmm-align-compiled:AlignUtteranceWrapper():decoder-wrappers.cc:466) Retrying utterance awkh_4a with beam 24
WARNING (gmm-align-compiled:AlignUtteranceWrapper():decoder-wrappers.cc:466) Retrying utterance awkh_4b with beam 24
WARNING (gmm-align-compiled:AlignUtteranceWrapper():decoder-wrappers.cc:466) Retrying utterance awkh_535a with beam 24
WARNING (gmm-align-compiled:AlignUtteranceWrapper():decoder-wrappers.cc:475) Did not successfully decode file awkh_535a, len = 154
WARNING (gmm-align-compiled:AlignUtteranceWrapper():decoder-wrappers.cc:466) Retrying utterance awkh_5548oa with beam 24
WARNING (gmm-align-compiled:AlignUtteranceWrapper():decoder-wrappers.cc:475) Did not successfully decode file awkh_5548oa, len = 223
WARNING (gmm-align-compiled:AlignUtteranceWrapper():decoder-wrappers.cc:466) Retrying utterance awkh_59329a with beam 24
WARNING (gmm-align-compiled:AlignUtteranceWrapper():decoder-wrappers.cc:475) Did not successfully decode file awkh_59329a, len = 202
WARNING (gmm-align-compiled:AlignUtteranceWrapper():decoder-wrappers.cc:466) Retrying utterance awkh_5a with beam 24
WARNING (gmm-align-compiled:AlignUtteranceWrapper():decoder-wrappers.cc:466) Retrying utterance awkh_5b with beam 24
WARNING (gmm-align-compiled:AlignUtteranceWrapper():decoder-wrappers.cc:466) Retrying utterance awkh_5oa with beam 24
WARNING (gmm-align-compiled:AlignUtteranceWrapper():decoder-wrappers.cc:466) Retrying utterance awkh_5z9a with beam 24
WARNING (gmm-align-compiled:AlignUtteranceWrapper():decoder-wrappers.cc:466) Retrying utterance awkh_6336a with beam 24
WARNING (gmm-align-compiled:AlignUtteranceWrapper():decoder-wrappers.cc:475) Did not successfully decode file awkh_6336a, len = 195
WARNING (gmm-align-compiled:AlignUtteranceWrapper():decoder-wrappers.cc:466) Retrying utterance awkh_6576a with beam 24
WARNING (gmm-align-compiled:AlignUtteranceWrapper():decoder-wrappers.cc:475) Did not successfully decode file awkh_6576a, len = 204
WARNING (gmm-align-compiled:AlignUtteranceWrapper():decoder-wrappers.cc:466) Retrying utterance awkh_664za with beam 24
WARNING (gmm-align-compiled:AlignUtteranceWrapper():decoder-wrappers.cc:466) Retrying utterance awkh_6657a with beam 24
WARNING (gmm-align-compiled:AlignUtteranceWrapper():decoder-wrappers.cc:475) Did not successfully decode file awkh_6657a, len = 207
WARNING (gmm-align-compiled:AlignUtteranceWrapper():decoder-wrappers.cc:466) Retrying utterance awkh_68o92ooa with beam 24
WARNING (gmm-align-compiled:AlignUtteranceWrapper():decoder-wrappers.cc:475) Did not successfully decode file awkh_68o92ooa, len = 280
WARNING (gmm-align-compiled:AlignUtteranceWrapper():decoder-wrappers.cc:466) Retrying utterance awkh_72o63a with beam 24
WARNING (gmm-align-compiled:AlignUtteranceWrapper():decoder-wrappers.cc:475) Did not successfully decode file awkh_72o63a, len = 223
WARNING (gmm-align-compiled:AlignUtteranceWrapper():decoder-wrappers.cc:466) Retrying utterance awkh_742o46oa with beam 24
WARNING (gmm-align-compiled:AlignUtteranceWrapper():decoder-wrappers.cc:475) Did not successfully decode file awkh_742o46oa, len = 322
WARNING (gmm-align-compiled:AlignUtteranceWrapper():decoder-wrappers.cc:466) Retrying utterance awkh_74788a with beam 24
WARNING (gmm-align-compiled:AlignUtteranceWrapper():decoder-wrappers.cc:475) Did not successfully decode file awkh_74788a, len = 208
WARNING (gmm-align-compiled:AlignUtteranceWrapper():decoder-wrappers.cc:466) Retrying utterance awkh_79z51z2a with beam 24
WARNING (gmm-align-compiled:AlignUtteranceWrapper():decoder-wrappers.cc:475) Did not successfully decode file awkh_79z51z2a, len = 295
WARNING (gmm-align-compiled:AlignUtteranceWrapper():decoder-wrappers.cc:466) Retrying utterance awkh_7a with beam 24
WARNING (gmm-align-compiled:AlignUtteranceWrapper():decoder-wrappers.cc:466) Retrying utterance awkh_7b with beam 24
WARNING (gmm-align-compiled:AlignUtteranceWrapper():decoder-wrappers.cc:466) Retrying utterance awkh_7z4z136a with beam 24
WARNING (gmm-align-compiled:AlignUtteranceWrapper():decoder-wrappers.cc:475) Did not successfully decode file awkh_7z4z136a, len = 353
WARNING (gmm-align-compiled:AlignUtteranceWrapper():decoder-wrappers.cc:466) Retrying utterance awkh_8183926a with beam 24
WARNING (gmm-align-compiled:AlignUtteranceWrapper():decoder-wrappers.cc:475) Did not successfully decode file awkh_8183926a, len = 291
WARNING (gmm-align-compiled:AlignUtteranceWrapper():decoder-wrappers.cc:466) Retrying utterance awkh_83zz676a with beam 24
WARNING (gmm-align-compiled:AlignUtteranceWrapper():decoder-wrappers.cc:475) Did not successfully decode file awkh_83zz676a, len = 323
WARNING (gmm-align-compiled:AlignUtteranceWrapper():decoder-wrappers.cc:466) Retrying utterance awkh_84a with beam 24
WARNING (gmm-align-compiled:AlignUtteranceWrapper():decoder-wrappers.cc:466) Retrying utterance awkh_86a with beam 24
WARNING (gmm-align-compiled:AlignUtteranceWrapper():decoder-wrappers.cc:466) Retrying utterance awkh_87o8281a with beam 24
WARNING (gmm-align-compiled:AlignUtteranceWrapper():decoder-wrappers.cc:475) Did not successfully decode file awkh_87o8281a, len = 281
WARNING (gmm-align-compiled:AlignUtteranceWrapper():decoder-wrappers.cc:466) Retrying utterance awkh_8a with beam 24
WARNING (gmm-align-compiled:AlignUtteranceWrapper():decoder-wrappers.cc:466) Retrying utterance awkh_8b with beam 24
WARNING (gmm-align-compiled:AlignUtteranceWrapper():decoder-wrappers.cc:466) Retrying utterance awkh_9371a with beam 24
WARNING (gmm-align-compiled:AlignUtteranceWrapper():decoder-wrappers.cc:475) Did not successfully decode file awkh_9371a, len = 180
WARNING (gmm-align-compiled:AlignUtteranceWrapper():decoder-wrappers.cc:466) Retrying utterance awkh_9546a with beam 24
WARNING (gmm-align-compiled:AlignUtteranceWrapper():decoder-wrappers.cc:475) Did not successfully decode file awkh_9546a, len = 221
WARNING (gmm-align-compiled:AlignUtteranceWrapper():decoder-wrappers.cc:466) Retrying utterance awkh_95za with beam 24
WARNING (gmm-align-compiled:AlignUtteranceWrapper():decoder-wrappers.cc:466) Retrying utterance awkh_9978zz8a with beam 24
WARNING (gmm-align-compiled:AlignUtteranceWrapper():decoder-wrappers.cc:475) Did not successfully decode file awkh_9978zz8a, len = 286
WARNING (gmm-align-compiled:AlignUtteranceWrapper():decoder-wrappers.cc:466) Retrying utterance awkh_9a with beam 24
WARNING (gmm-align-compiled:AlignUtteranceWrapper():decoder-wrappers.cc:466) Retrying utterance awkh_9b with beam 24
LOG (apply-cmvn:main():apply-cmvn.cc:146) Applied cepstral mean normalization to 77 utterances, errors on 0
WARNING (gmm-align-compiled:AlignUtteranceWrapper():decoder-wrappers.cc:466) Retrying utterance awkh_9z794a with beam 24
WARNING (gmm-align-compiled:AlignUtteranceWrapper():decoder-wrappers.cc:475) Did not successfully decode file awkh_9z794a, len = 225
WARNING (gmm-align-compiled:AlignUtteranceWrapper():decoder-wrappers.cc:466) Retrying utterance awkh_o72a with beam 24
WARNING (gmm-align-compiled:AlignUtteranceWrapper():decoder-wrappers.cc:466) Retrying utterance awkh_o7oa with beam 24
WARNING (gmm-align-compiled:AlignUtteranceWrapper():decoder-wrappers.cc:466) Retrying utterance awkh_o9oa with beam 24
WARNING (gmm-align-compiled:AlignUtteranceWrapper():decoder-wrappers.cc:466) Retrying utterance awkh_oo3a with beam 24
WARNING (gmm-align-compiled:AlignUtteranceWrapper():decoder-wrappers.cc:466) Retrying utterance awkh_oo56a with beam 24
WARNING (gmm-align-compiled:AlignUtteranceWrapper():decoder-wrappers.cc:466) Retrying utterance awkh_z17z8a with beam 24
WARNING (gmm-align-compiled:AlignUtteranceWrapper():decoder-wrappers.cc:475) Did not successfully decode file awkh_z17z8a, len = 246
WARNING (gmm-align-compiled:AlignUtteranceWrapper():decoder-wrappers.cc:466) Retrying utterance awkh_z29a with beam 24
WARNING (gmm-align-compiled:AlignUtteranceWrapper():decoder-wrappers.cc:466) Retrying utterance awkh_z75a with beam 24
WARNING (gmm-align-compiled:AlignUtteranceWrapper():decoder-wrappers.cc:466) Retrying utterance awkh_zz342a with beam 24
WARNING (gmm-align-compiled:AlignUtteranceWrapper():decoder-wrappers.cc:475) Did not successfully decode file awkh_zz342a, len = 218
WARNING (gmm-align-compiled:AlignUtteranceWrapper():decoder-wrappers.cc:466) Retrying utterance awkh_zz62a with beam 24
LOG (gmm-align-compiled:main():gmm-align-compiled.cc:129) Overall log-likelihood per frame is -107.627 over 5437 frames.
LOG (gmm-align-compiled:main():gmm-align-compiled.cc:131) Retried 67 out of 77 utterances.
LOG (gmm-align-compiled:main():gmm-align-compiled.cc:133) Done 45, errors on 32
# Accounting: time=8 threads=1
# Ended (code 0) at Sun Oct 30 22:09:06 EDT 2016, elapsed time 8 seconds
