# gmm-align-compiled --transition-scale=1.0 --acoustic-scale=0.1 --self-loop-scale=0.1 --beam=10 --retry-beam=40 --careful=false "gmm-boost-silence --boost=1.0 1 exp/mono/3.mdl - |" "ark:gunzip -c exp/mono/fsts.79.gz|" "ark,s,cs:apply-cmvn  --utt2spk=ark:data/train_digits/split112/79/utt2spk scp:data/train_digits/split112/79/cmvn.scp scp:data/train_digits/split112/79/feats.scp ark:- | add-deltas ark:- ark:- |" "ark,t:|gzip -c >exp/mono/ali.79.gz" 
# Started at Sun Oct 30 22:13:42 EDT 2016
#
gmm-align-compiled --transition-scale=1.0 --acoustic-scale=0.1 --self-loop-scale=0.1 --beam=10 --retry-beam=40 --careful=false 'gmm-boost-silence --boost=1.0 1 exp/mono/3.mdl - |' 'ark:gunzip -c exp/mono/fsts.79.gz|' 'ark,s,cs:apply-cmvn  --utt2spk=ark:data/train_digits/split112/79/utt2spk scp:data/train_digits/split112/79/cmvn.scp scp:data/train_digits/split112/79/feats.scp ark:- | add-deltas ark:- ark:- |' 'ark,t:|gzip -c >exp/mono/ali.79.gz' 
gmm-boost-silence --boost=1.0 1 exp/mono/3.mdl - 
LOG (gmm-boost-silence:main():gmm-boost-silence.cc:93) Boosted weights for 5 pdfs, by factor of 1
LOG (gmm-boost-silence:main():gmm-boost-silence.cc:103) Wrote model to -
apply-cmvn --utt2spk=ark:data/train_digits/split112/79/utt2spk scp:data/train_digits/split112/79/cmvn.scp scp:data/train_digits/split112/79/feats.scp ark:- 
add-deltas ark:- ark:- 
WARNING (gmm-align-compiled:AlignUtteranceWrapper():decoder-wrappers.cc:466) Retrying utterance awih_1227z33a with beam 40
WARNING (gmm-align-compiled:AlignUtteranceWrapper():decoder-wrappers.cc:466) Retrying utterance awih_17441zza with beam 40
WARNING (gmm-align-compiled:AlignUtteranceWrapper():decoder-wrappers.cc:466) Retrying utterance awih_234a with beam 40
WARNING (gmm-align-compiled:AlignUtteranceWrapper():decoder-wrappers.cc:466) Retrying utterance awih_2452a with beam 40
WARNING (gmm-align-compiled:AlignUtteranceWrapper():decoder-wrappers.cc:466) Retrying utterance awih_352z8a with beam 40
WARNING (gmm-align-compiled:AlignUtteranceWrapper():decoder-wrappers.cc:466) Retrying utterance awih_3583a with beam 40
WARNING (gmm-align-compiled:AlignUtteranceWrapper():decoder-wrappers.cc:466) Retrying utterance awih_3964547a with beam 40
WARNING (gmm-align-compiled:AlignUtteranceWrapper():decoder-wrappers.cc:466) Retrying utterance awih_3z93a with beam 40
WARNING (gmm-align-compiled:AlignUtteranceWrapper():decoder-wrappers.cc:466) Retrying utterance awih_413a with beam 40
WARNING (gmm-align-compiled:AlignUtteranceWrapper():decoder-wrappers.cc:466) Retrying utterance awih_4439oo1a with beam 40
WARNING (gmm-align-compiled:AlignUtteranceWrapper():decoder-wrappers.cc:466) Retrying utterance awih_4z485a with beam 40
WARNING (gmm-align-compiled:AlignUtteranceWrapper():decoder-wrappers.cc:466) Retrying utterance awih_5162685a with beam 40
WARNING (gmm-align-compiled:AlignUtteranceWrapper():decoder-wrappers.cc:466) Retrying utterance awih_5oo12a with beam 40
WARNING (gmm-align-compiled:AlignUtteranceWrapper():decoder-wrappers.cc:466) Retrying utterance awih_67669a with beam 40
WARNING (gmm-align-compiled:AlignUtteranceWrapper():decoder-wrappers.cc:466) Retrying utterance awih_6z2z537a with beam 40
WARNING (gmm-align-compiled:AlignUtteranceWrapper():decoder-wrappers.cc:466) Retrying utterance awih_6z74a with beam 40
WARNING (gmm-align-compiled:AlignUtteranceWrapper():decoder-wrappers.cc:466) Retrying utterance awih_71z9a with beam 40
WARNING (gmm-align-compiled:AlignUtteranceWrapper():decoder-wrappers.cc:466) Retrying utterance awih_782oa with beam 40
WARNING (gmm-align-compiled:AlignUtteranceWrapper():decoder-wrappers.cc:466) Retrying utterance awih_789a with beam 40
WARNING (gmm-align-compiled:AlignUtteranceWrapper():decoder-wrappers.cc:466) Retrying utterance awih_7oo48a with beam 40
WARNING (gmm-align-compiled:AlignUtteranceWrapper():decoder-wrappers.cc:466) Retrying utterance awih_887o975a with beam 40
WARNING (gmm-align-compiled:AlignUtteranceWrapper():decoder-wrappers.cc:466) Retrying utterance awih_927a with beam 40
WARNING (gmm-align-compiled:AlignUtteranceWrapper():decoder-wrappers.cc:466) Retrying utterance awih_9425316a with beam 40
WARNING (gmm-align-compiled:AlignUtteranceWrapper():decoder-wrappers.cc:466) Retrying utterance awih_9o798a with beam 40
WARNING (gmm-align-compiled:AlignUtteranceWrapper():decoder-wrappers.cc:466) Retrying utterance awih_9zzzz43a with beam 40
WARNING (gmm-align-compiled:AlignUtteranceWrapper():decoder-wrappers.cc:466) Retrying utterance awih_o32a with beam 40
LOG (apply-cmvn:main():apply-cmvn.cc:146) Applied cepstral mean normalization to 77 utterances, errors on 0
WARNING (gmm-align-compiled:AlignUtteranceWrapper():decoder-wrappers.cc:466) Retrying utterance awih_o6349a with beam 40
WARNING (gmm-align-compiled:AlignUtteranceWrapper():decoder-wrappers.cc:466) Retrying utterance awih_z337361a with beam 40
WARNING (gmm-align-compiled:AlignUtteranceWrapper():decoder-wrappers.cc:466) Retrying utterance awih_z777136a with beam 40
LOG (gmm-align-compiled:main():gmm-align-compiled.cc:129) Overall log-likelihood per frame is -102.769 over 14488 frames.
LOG (gmm-align-compiled:main():gmm-align-compiled.cc:131) Retried 29 out of 77 utterances.
LOG (gmm-align-compiled:main():gmm-align-compiled.cc:133) Done 77, errors on 0
# Accounting: time=9 threads=1
# Ended (code 0) at Sun Oct 30 22:13:51 EDT 2016, elapsed time 9 seconds
