# gmm-align-compiled --transition-scale=1.0 --acoustic-scale=0.1 --self-loop-scale=0.1 --beam=10 --retry-beam=40 --careful=false "gmm-boost-silence --boost=1.0 1 exp/mono/32.mdl - |" "ark:gunzip -c exp/mono/fsts.103.gz|" "ark,s,cs:apply-cmvn  --utt2spk=ark:data/train_digits/split112/103/utt2spk scp:data/train_digits/split112/103/cmvn.scp scp:data/train_digits/split112/103/feats.scp ark:- | add-deltas ark:- ark:- |" "ark,t:|gzip -c >exp/mono/ali.103.gz" 
# Started at Sun Oct 30 22:38:05 EDT 2016
#
gmm-align-compiled --transition-scale=1.0 --acoustic-scale=0.1 --self-loop-scale=0.1 --beam=10 --retry-beam=40 --careful=false 'gmm-boost-silence --boost=1.0 1 exp/mono/32.mdl - |' 'ark:gunzip -c exp/mono/fsts.103.gz|' 'ark,s,cs:apply-cmvn  --utt2spk=ark:data/train_digits/split112/103/utt2spk scp:data/train_digits/split112/103/cmvn.scp scp:data/train_digits/split112/103/feats.scp ark:- | add-deltas ark:- ark:- |' 'ark,t:|gzip -c >exp/mono/ali.103.gz' 
gmm-boost-silence --boost=1.0 1 exp/mono/32.mdl - 
LOG (gmm-boost-silence:main():gmm-boost-silence.cc:93) Boosted weights for 5 pdfs, by factor of 1
LOG (gmm-boost-silence:main():gmm-boost-silence.cc:103) Wrote model to -
apply-cmvn --utt2spk=ark:data/train_digits/split112/103/utt2spk scp:data/train_digits/split112/103/cmvn.scp scp:data/train_digits/split112/103/feats.scp ark:- 
add-deltas ark:- ark:- 
WARNING (gmm-align-compiled:AlignUtteranceWrapper():decoder-wrappers.cc:466) Retrying utterance awpk_3793a with beam 40
WARNING (gmm-align-compiled:AlignUtteranceWrapper():decoder-wrappers.cc:466) Retrying utterance awpk_5583a with beam 40
WARNING (gmm-align-compiled:AlignUtteranceWrapper():decoder-wrappers.cc:466) Retrying utterance awpk_6433a with beam 40
WARNING (gmm-align-compiled:AlignUtteranceWrapper():decoder-wrappers.cc:466) Retrying utterance awpk_86zzz88a with beam 40
WARNING (gmm-align-compiled:AlignUtteranceWrapper():decoder-wrappers.cc:466) Retrying utterance awpk_885o9a with beam 40
WARNING (gmm-align-compiled:AlignUtteranceWrapper():decoder-wrappers.cc:466) Retrying utterance awpk_9851z22a with beam 40
LOG (apply-cmvn:main():apply-cmvn.cc:146) Applied cepstral mean normalization to 77 utterances, errors on 0
WARNING (gmm-align-compiled:AlignUtteranceWrapper():decoder-wrappers.cc:466) Retrying utterance awpk_o724913a with beam 40
LOG (gmm-align-compiled:main():gmm-align-compiled.cc:129) Overall log-likelihood per frame is -94.7655 over 14732 frames.
LOG (gmm-align-compiled:main():gmm-align-compiled.cc:131) Retried 7 out of 77 utterances.
LOG (gmm-align-compiled:main():gmm-align-compiled.cc:133) Done 77, errors on 0
# Accounting: time=7 threads=1
# Ended (code 0) at Sun Oct 30 22:38:12 EDT 2016, elapsed time 7 seconds
