# gmm-align-compiled --transition-scale=1.0 --acoustic-scale=0.1 --self-loop-scale=0.1 --beam=10 --retry-beam=40 --careful=false "gmm-boost-silence --boost=1.0 1 exp/mono/38.mdl - |" "ark:gunzip -c exp/mono/fsts.74.gz|" "ark,s,cs:apply-cmvn  --utt2spk=ark:data/train_digits/split112/74/utt2spk scp:data/train_digits/split112/74/cmvn.scp scp:data/train_digits/split112/74/feats.scp ark:- | add-deltas ark:- ark:- |" "ark,t:|gzip -c >exp/mono/ali.74.gz" 
# Started at Sun Oct 30 22:42:01 EDT 2016
#
gmm-align-compiled --transition-scale=1.0 --acoustic-scale=0.1 --self-loop-scale=0.1 --beam=10 --retry-beam=40 --careful=false 'gmm-boost-silence --boost=1.0 1 exp/mono/38.mdl - |' 'ark:gunzip -c exp/mono/fsts.74.gz|' 'ark,s,cs:apply-cmvn  --utt2spk=ark:data/train_digits/split112/74/utt2spk scp:data/train_digits/split112/74/cmvn.scp scp:data/train_digits/split112/74/feats.scp ark:- | add-deltas ark:- ark:- |' 'ark,t:|gzip -c >exp/mono/ali.74.gz' 
gmm-boost-silence --boost=1.0 1 exp/mono/38.mdl - 
LOG (gmm-boost-silence:main():gmm-boost-silence.cc:93) Boosted weights for 5 pdfs, by factor of 1
LOG (gmm-boost-silence:main():gmm-boost-silence.cc:103) Wrote model to -
apply-cmvn --utt2spk=ark:data/train_digits/split112/74/utt2spk scp:data/train_digits/split112/74/cmvn.scp scp:data/train_digits/split112/74/feats.scp ark:- 
add-deltas ark:- ark:- 
WARNING (gmm-align-compiled:AlignUtteranceWrapper():decoder-wrappers.cc:466) Retrying utterance awek_17118a with beam 40
WARNING (gmm-align-compiled:AlignUtteranceWrapper():decoder-wrappers.cc:466) Retrying utterance awek_196572oa with beam 40
WARNING (gmm-align-compiled:AlignUtteranceWrapper():decoder-wrappers.cc:466) Retrying utterance awek_45z33a with beam 40
WARNING (gmm-align-compiled:AlignUtteranceWrapper():decoder-wrappers.cc:466) Retrying utterance awek_686z815a with beam 40
WARNING (gmm-align-compiled:AlignUtteranceWrapper():decoder-wrappers.cc:466) Retrying utterance awek_798z913a with beam 40
WARNING (gmm-align-compiled:AlignUtteranceWrapper():decoder-wrappers.cc:466) Retrying utterance awek_8221324a with beam 40
LOG (apply-cmvn:main():apply-cmvn.cc:146) Applied cepstral mean normalization to 77 utterances, errors on 0
WARNING (gmm-align-compiled:AlignUtteranceWrapper():decoder-wrappers.cc:466) Retrying utterance awek_o553832a with beam 40
WARNING (gmm-align-compiled:AlignUtteranceWrapper():decoder-wrappers.cc:466) Retrying utterance awek_oo871ooa with beam 40
LOG (gmm-align-compiled:main():gmm-align-compiled.cc:129) Overall log-likelihood per frame is -93.2458 over 11998 frames.
LOG (gmm-align-compiled:main():gmm-align-compiled.cc:131) Retried 8 out of 77 utterances.
LOG (gmm-align-compiled:main():gmm-align-compiled.cc:133) Done 77, errors on 0
# Accounting: time=7 threads=1
# Ended (code 0) at Sun Oct 30 22:42:08 EDT 2016, elapsed time 7 seconds
