# gmm-align-compiled --transition-scale=1.0 --acoustic-scale=0.1 --self-loop-scale=0.1 --beam=10 --retry-beam=40 --careful=false "gmm-boost-silence --boost=1.0 1 exp/mono/10.mdl - |" "ark:gunzip -c exp/mono/fsts.17.gz|" "ark,s,cs:apply-cmvn  --utt2spk=ark:data/train_digits/split112/17/utt2spk scp:data/train_digits/split112/17/cmvn.scp scp:data/train_digits/split112/17/feats.scp ark:- | add-deltas ark:- ark:- |" "ark,t:|gzip -c >exp/mono/ali.17.gz" 
# Started at Sun Oct 30 22:24:13 EDT 2016
#
gmm-align-compiled --transition-scale=1.0 --acoustic-scale=0.1 --self-loop-scale=0.1 --beam=10 --retry-beam=40 --careful=false 'gmm-boost-silence --boost=1.0 1 exp/mono/10.mdl - |' 'ark:gunzip -c exp/mono/fsts.17.gz|' 'ark,s,cs:apply-cmvn  --utt2spk=ark:data/train_digits/split112/17/utt2spk scp:data/train_digits/split112/17/cmvn.scp scp:data/train_digits/split112/17/feats.scp ark:- | add-deltas ark:- ark:- |' 'ark,t:|gzip -c >exp/mono/ali.17.gz' 
gmm-boost-silence --boost=1.0 1 exp/mono/10.mdl - 
LOG (gmm-boost-silence:main():gmm-boost-silence.cc:93) Boosted weights for 5 pdfs, by factor of 1
LOG (gmm-boost-silence:main():gmm-boost-silence.cc:103) Wrote model to -
apply-cmvn --utt2spk=ark:data/train_digits/split112/17/utt2spk scp:data/train_digits/split112/17/cmvn.scp scp:data/train_digits/split112/17/feats.scp ark:- 
add-deltas ark:- ark:- 
WARNING (gmm-align-compiled:AlignUtteranceWrapper():decoder-wrappers.cc:466) Retrying utterance amfj_13z9a with beam 40
WARNING (gmm-align-compiled:AlignUtteranceWrapper():decoder-wrappers.cc:466) Retrying utterance amfj_2648849a with beam 40
WARNING (gmm-align-compiled:AlignUtteranceWrapper():decoder-wrappers.cc:466) Retrying utterance amfj_289z568a with beam 40
WARNING (gmm-align-compiled:AlignUtteranceWrapper():decoder-wrappers.cc:466) Retrying utterance amfj_29198z5a with beam 40
WARNING (gmm-align-compiled:AlignUtteranceWrapper():decoder-wrappers.cc:466) Retrying utterance amfj_32751a with beam 40
WARNING (gmm-align-compiled:AlignUtteranceWrapper():decoder-wrappers.cc:466) Retrying utterance amfj_343za with beam 40
WARNING (gmm-align-compiled:AlignUtteranceWrapper():decoder-wrappers.cc:466) Retrying utterance amfj_3854a with beam 40
WARNING (gmm-align-compiled:AlignUtteranceWrapper():decoder-wrappers.cc:466) Retrying utterance amfj_3o3a with beam 40
WARNING (gmm-align-compiled:AlignUtteranceWrapper():decoder-wrappers.cc:466) Retrying utterance amfj_46858a with beam 40
WARNING (gmm-align-compiled:AlignUtteranceWrapper():decoder-wrappers.cc:466) Retrying utterance amfj_5257222a with beam 40
WARNING (gmm-align-compiled:AlignUtteranceWrapper():decoder-wrappers.cc:466) Retrying utterance amfj_53815a with beam 40
WARNING (gmm-align-compiled:AlignUtteranceWrapper():decoder-wrappers.cc:466) Retrying utterance amfj_58z23a with beam 40
WARNING (gmm-align-compiled:AlignUtteranceWrapper():decoder-wrappers.cc:466) Retrying utterance amfj_7792449a with beam 40
WARNING (gmm-align-compiled:AlignUtteranceWrapper():decoder-wrappers.cc:466) Retrying utterance amfj_83631a with beam 40
WARNING (gmm-align-compiled:AlignUtteranceWrapper():decoder-wrappers.cc:466) Retrying utterance amfj_83oo1a with beam 40
WARNING (gmm-align-compiled:AlignUtteranceWrapper():decoder-wrappers.cc:466) Retrying utterance amfj_863369oa with beam 40
WARNING (gmm-align-compiled:AlignUtteranceWrapper():decoder-wrappers.cc:466) Retrying utterance amfj_9439947a with beam 40
WARNING (gmm-align-compiled:AlignUtteranceWrapper():decoder-wrappers.cc:466) Retrying utterance amfj_97o29a with beam 40
WARNING (gmm-align-compiled:AlignUtteranceWrapper():decoder-wrappers.cc:466) Retrying utterance amfj_o933a with beam 40
LOG (apply-cmvn:main():apply-cmvn.cc:146) Applied cepstral mean normalization to 77 utterances, errors on 0
WARNING (gmm-align-compiled:AlignUtteranceWrapper():decoder-wrappers.cc:466) Retrying utterance amfj_z372782a with beam 40
LOG (gmm-align-compiled:main():gmm-align-compiled.cc:129) Overall log-likelihood per frame is -99.1589 over 13323 frames.
LOG (gmm-align-compiled:main():gmm-align-compiled.cc:131) Retried 20 out of 77 utterances.
LOG (gmm-align-compiled:main():gmm-align-compiled.cc:133) Done 77, errors on 0
# Accounting: time=5 threads=1
# Ended (code 0) at Sun Oct 30 22:24:18 EDT 2016, elapsed time 5 seconds
