# gmm-align-compiled --transition-scale=1.0 --acoustic-scale=0.1 --self-loop-scale=0.1 --beam=10 --retry-beam=40 --careful=false "gmm-boost-silence --boost=1.0 1 exp/mono/10.mdl - |" "ark:gunzip -c exp/mono/fsts.107.gz|" "ark,s,cs:apply-cmvn  --utt2spk=ark:data/train_digits/split112/107/utt2spk scp:data/train_digits/split112/107/cmvn.scp scp:data/train_digits/split112/107/feats.scp ark:- | add-deltas ark:- ark:- |" "ark,t:|gzip -c >exp/mono/ali.107.gz" 
# Started at Sun Oct 30 22:25:02 EDT 2016
#
gmm-align-compiled --transition-scale=1.0 --acoustic-scale=0.1 --self-loop-scale=0.1 --beam=10 --retry-beam=40 --careful=false 'gmm-boost-silence --boost=1.0 1 exp/mono/10.mdl - |' 'ark:gunzip -c exp/mono/fsts.107.gz|' 'ark,s,cs:apply-cmvn  --utt2spk=ark:data/train_digits/split112/107/utt2spk scp:data/train_digits/split112/107/cmvn.scp scp:data/train_digits/split112/107/feats.scp ark:- | add-deltas ark:- ark:- |' 'ark,t:|gzip -c >exp/mono/ali.107.gz' 
gmm-boost-silence --boost=1.0 1 exp/mono/10.mdl - 
LOG (gmm-boost-silence:main():gmm-boost-silence.cc:93) Boosted weights for 5 pdfs, by factor of 1
LOG (gmm-boost-silence:main():gmm-boost-silence.cc:103) Wrote model to -
add-deltas ark:- ark:- 
apply-cmvn --utt2spk=ark:data/train_digits/split112/107/utt2spk scp:data/train_digits/split112/107/cmvn.scp scp:data/train_digits/split112/107/feats.scp ark:- 
WARNING (gmm-align-compiled:AlignUtteranceWrapper():decoder-wrappers.cc:466) Retrying utterance awre_1397283a with beam 40
WARNING (gmm-align-compiled:AlignUtteranceWrapper():decoder-wrappers.cc:466) Retrying utterance awre_3215873a with beam 40
WARNING (gmm-align-compiled:AlignUtteranceWrapper():decoder-wrappers.cc:466) Retrying utterance awre_3894484a with beam 40
WARNING (gmm-align-compiled:AlignUtteranceWrapper():decoder-wrappers.cc:466) Retrying utterance awre_5755o74a with beam 40
WARNING (gmm-align-compiled:AlignUtteranceWrapper():decoder-wrappers.cc:466) Retrying utterance awre_69z68a with beam 40
WARNING (gmm-align-compiled:AlignUtteranceWrapper():decoder-wrappers.cc:466) Retrying utterance awre_71491a with beam 40
WARNING (gmm-align-compiled:AlignUtteranceWrapper():decoder-wrappers.cc:466) Retrying utterance awre_99288a with beam 40
WARNING (gmm-align-compiled:AlignUtteranceWrapper():decoder-wrappers.cc:466) Retrying utterance awre_9965o3oa with beam 40
LOG (apply-cmvn:main():apply-cmvn.cc:146) Applied cepstral mean normalization to 77 utterances, errors on 0
LOG (gmm-align-compiled:main():gmm-align-compiled.cc:129) Overall log-likelihood per frame is -96.4752 over 14878 frames.
LOG (gmm-align-compiled:main():gmm-align-compiled.cc:131) Retried 8 out of 77 utterances.
LOG (gmm-align-compiled:main():gmm-align-compiled.cc:133) Done 77, errors on 0
# Accounting: time=4 threads=1
# Ended (code 0) at Sun Oct 30 22:25:06 EDT 2016, elapsed time 4 seconds
