# gmm-align-compiled --transition-scale=1.0 --acoustic-scale=0.1 --self-loop-scale=0.1 --beam=6 --retry-beam=24 --careful=false "gmm-boost-silence --boost=1.0 1 exp/mono/1.mdl - |" "ark:gunzip -c exp/mono/fsts.5.gz|" "ark,s,cs:apply-cmvn  --utt2spk=ark:data/train_digits/split112/5/utt2spk scp:data/train_digits/split112/5/cmvn.scp scp:data/train_digits/split112/5/feats.scp ark:- | add-deltas ark:- ark:- |" "ark,t:|gzip -c >exp/mono/ali.5.gz" 
# Started at Sun Oct 30 22:07:36 EDT 2016
#
gmm-align-compiled --transition-scale=1.0 --acoustic-scale=0.1 --self-loop-scale=0.1 --beam=6 --retry-beam=24 --careful=false 'gmm-boost-silence --boost=1.0 1 exp/mono/1.mdl - |' 'ark:gunzip -c exp/mono/fsts.5.gz|' 'ark,s,cs:apply-cmvn  --utt2spk=ark:data/train_digits/split112/5/utt2spk scp:data/train_digits/split112/5/cmvn.scp scp:data/train_digits/split112/5/feats.scp ark:- | add-deltas ark:- ark:- |' 'ark,t:|gzip -c >exp/mono/ali.5.gz' 
gmm-boost-silence --boost=1.0 1 exp/mono/1.mdl - 
LOG (gmm-boost-silence:main():gmm-boost-silence.cc:93) Boosted weights for 5 pdfs, by factor of 1
LOG (gmm-boost-silence:main():gmm-boost-silence.cc:103) Wrote model to -
apply-cmvn --utt2spk=ark:data/train_digits/split112/5/utt2spk scp:data/train_digits/split112/5/cmvn.scp scp:data/train_digits/split112/5/feats.scp ark:- 
add-deltas ark:- ark:- 
WARNING (gmm-align-compiled:AlignUtteranceWrapper():decoder-wrappers.cc:466) Retrying utterance ambd_1198a with beam 24
WARNING (gmm-align-compiled:AlignUtteranceWrapper():decoder-wrappers.cc:475) Did not successfully decode file ambd_1198a, len = 140
WARNING (gmm-align-compiled:AlignUtteranceWrapper():decoder-wrappers.cc:466) Retrying utterance ambd_11z92a with beam 24
WARNING (gmm-align-compiled:AlignUtteranceWrapper():decoder-wrappers.cc:475) Did not successfully decode file ambd_11z92a, len = 209
WARNING (gmm-align-compiled:AlignUtteranceWrapper():decoder-wrappers.cc:466) Retrying utterance ambd_1382za with beam 24
WARNING (gmm-align-compiled:AlignUtteranceWrapper():decoder-wrappers.cc:475) Did not successfully decode file ambd_1382za, len = 212
WARNING (gmm-align-compiled:AlignUtteranceWrapper():decoder-wrappers.cc:466) Retrying utterance ambd_1518a with beam 24
WARNING (gmm-align-compiled:AlignUtteranceWrapper():decoder-wrappers.cc:475) Did not successfully decode file ambd_1518a, len = 177
WARNING (gmm-align-compiled:AlignUtteranceWrapper():decoder-wrappers.cc:466) Retrying utterance ambd_167a with beam 24
WARNING (gmm-align-compiled:AlignUtteranceWrapper():decoder-wrappers.cc:466) Retrying utterance ambd_2139a with beam 24
WARNING (gmm-align-compiled:AlignUtteranceWrapper():decoder-wrappers.cc:475) Did not successfully decode file ambd_2139a, len = 153
WARNING (gmm-align-compiled:AlignUtteranceWrapper():decoder-wrappers.cc:466) Retrying utterance ambd_21758a with beam 24
WARNING (gmm-align-compiled:AlignUtteranceWrapper():decoder-wrappers.cc:475) Did not successfully decode file ambd_21758a, len = 178
WARNING (gmm-align-compiled:AlignUtteranceWrapper():decoder-wrappers.cc:466) Retrying utterance ambd_22z76a with beam 24
WARNING (gmm-align-compiled:AlignUtteranceWrapper():decoder-wrappers.cc:475) Did not successfully decode file ambd_22z76a, len = 248
WARNING (gmm-align-compiled:AlignUtteranceWrapper():decoder-wrappers.cc:466) Retrying utterance ambd_23a with beam 24
WARNING (gmm-align-compiled:AlignUtteranceWrapper():decoder-wrappers.cc:466) Retrying utterance ambd_25a with beam 24
WARNING (gmm-align-compiled:AlignUtteranceWrapper():decoder-wrappers.cc:466) Retrying utterance ambd_2a with beam 24
WARNING (gmm-align-compiled:AlignUtteranceWrapper():decoder-wrappers.cc:466) Retrying utterance ambd_2b with beam 24
WARNING (gmm-align-compiled:AlignUtteranceWrapper():decoder-wrappers.cc:466) Retrying utterance ambd_34126a with beam 24
WARNING (gmm-align-compiled:AlignUtteranceWrapper():decoder-wrappers.cc:475) Did not successfully decode file ambd_34126a, len = 219
WARNING (gmm-align-compiled:AlignUtteranceWrapper():decoder-wrappers.cc:466) Retrying utterance ambd_3433289a with beam 24
WARNING (gmm-align-compiled:AlignUtteranceWrapper():decoder-wrappers.cc:475) Did not successfully decode file ambd_3433289a, len = 322
WARNING (gmm-align-compiled:AlignUtteranceWrapper():decoder-wrappers.cc:466) Retrying utterance ambd_3645188a with beam 24
WARNING (gmm-align-compiled:AlignUtteranceWrapper():decoder-wrappers.cc:475) Did not successfully decode file ambd_3645188a, len = 301
WARNING (gmm-align-compiled:AlignUtteranceWrapper():decoder-wrappers.cc:466) Retrying utterance ambd_37462a with beam 24
WARNING (gmm-align-compiled:AlignUtteranceWrapper():decoder-wrappers.cc:475) Did not successfully decode file ambd_37462a, len = 203
WARNING (gmm-align-compiled:AlignUtteranceWrapper():decoder-wrappers.cc:466) Retrying utterance ambd_3a with beam 24
WARNING (gmm-align-compiled:AlignUtteranceWrapper():decoder-wrappers.cc:466) Retrying utterance ambd_3b with beam 24
WARNING (gmm-align-compiled:AlignUtteranceWrapper():decoder-wrappers.cc:466) Retrying utterance ambd_3o281a with beam 24
WARNING (gmm-align-compiled:AlignUtteranceWrapper():decoder-wrappers.cc:475) Did not successfully decode file ambd_3o281a, len = 199
WARNING (gmm-align-compiled:AlignUtteranceWrapper():decoder-wrappers.cc:466) Retrying utterance ambd_4191a with beam 24
WARNING (gmm-align-compiled:AlignUtteranceWrapper():decoder-wrappers.cc:475) Did not successfully decode file ambd_4191a, len = 170
WARNING (gmm-align-compiled:AlignUtteranceWrapper():decoder-wrappers.cc:466) Retrying utterance ambd_4293za with beam 24
WARNING (gmm-align-compiled:AlignUtteranceWrapper():decoder-wrappers.cc:475) Did not successfully decode file ambd_4293za, len = 199
WARNING (gmm-align-compiled:AlignUtteranceWrapper():decoder-wrappers.cc:466) Retrying utterance ambd_45a with beam 24
WARNING (gmm-align-compiled:AlignUtteranceWrapper():decoder-wrappers.cc:466) Retrying utterance ambd_46a with beam 24
WARNING (gmm-align-compiled:AlignUtteranceWrapper():decoder-wrappers.cc:466) Retrying utterance ambd_493o1o6a with beam 24
WARNING (gmm-align-compiled:AlignUtteranceWrapper():decoder-wrappers.cc:475) Did not successfully decode file ambd_493o1o6a, len = 312
WARNING (gmm-align-compiled:AlignUtteranceWrapper():decoder-wrappers.cc:466) Retrying utterance ambd_4a with beam 24
WARNING (gmm-align-compiled:AlignUtteranceWrapper():decoder-wrappers.cc:466) Retrying utterance ambd_4b with beam 24
WARNING (gmm-align-compiled:AlignUtteranceWrapper():decoder-wrappers.cc:466) Retrying utterance ambd_538a with beam 24
WARNING (gmm-align-compiled:AlignUtteranceWrapper():decoder-wrappers.cc:475) Did not successfully decode file ambd_538a, len = 125
WARNING (gmm-align-compiled:AlignUtteranceWrapper():decoder-wrappers.cc:466) Retrying utterance ambd_568a with beam 24
WARNING (gmm-align-compiled:AlignUtteranceWrapper():decoder-wrappers.cc:475) Did not successfully decode file ambd_568a, len = 123
WARNING (gmm-align-compiled:AlignUtteranceWrapper():decoder-wrappers.cc:466) Retrying utterance ambd_5899o37a with beam 24
WARNING (gmm-align-compiled:AlignUtteranceWrapper():decoder-wrappers.cc:475) Did not successfully decode file ambd_5899o37a, len = 257
WARNING (gmm-align-compiled:AlignUtteranceWrapper():decoder-wrappers.cc:466) Retrying utterance ambd_599a with beam 24
WARNING (gmm-align-compiled:AlignUtteranceWrapper():decoder-wrappers.cc:475) Did not successfully decode file ambd_599a, len = 143
WARNING (gmm-align-compiled:AlignUtteranceWrapper():decoder-wrappers.cc:466) Retrying utterance ambd_5a with beam 24
WARNING (gmm-align-compiled:AlignUtteranceWrapper():decoder-wrappers.cc:466) Retrying utterance ambd_5b with beam 24
WARNING (gmm-align-compiled:AlignUtteranceWrapper():decoder-wrappers.cc:466) Retrying utterance ambd_5z68a with beam 24
WARNING (gmm-align-compiled:AlignUtteranceWrapper():decoder-wrappers.cc:475) Did not successfully decode file ambd_5z68a, len = 190
WARNING (gmm-align-compiled:AlignUtteranceWrapper():decoder-wrappers.cc:466) Retrying utterance ambd_612a with beam 24
WARNING (gmm-align-compiled:AlignUtteranceWrapper():decoder-wrappers.cc:466) Retrying utterance ambd_627a with beam 24
WARNING (gmm-align-compiled:AlignUtteranceWrapper():decoder-wrappers.cc:466) Retrying utterance ambd_631a with beam 24
WARNING (gmm-align-compiled:AlignUtteranceWrapper():decoder-wrappers.cc:466) Retrying utterance ambd_6659478a with beam 24
WARNING (gmm-align-compiled:AlignUtteranceWrapper():decoder-wrappers.cc:475) Did not successfully decode file ambd_6659478a, len = 285
WARNING (gmm-align-compiled:AlignUtteranceWrapper():decoder-wrappers.cc:466) Retrying utterance ambd_6zz8643a with beam 24
WARNING (gmm-align-compiled:AlignUtteranceWrapper():decoder-wrappers.cc:475) Did not successfully decode file ambd_6zz8643a, len = 298
WARNING (gmm-align-compiled:AlignUtteranceWrapper():decoder-wrappers.cc:466) Retrying utterance ambd_714a with beam 24
WARNING (gmm-align-compiled:AlignUtteranceWrapper():decoder-wrappers.cc:475) Did not successfully decode file ambd_714a, len = 150
WARNING (gmm-align-compiled:AlignUtteranceWrapper():decoder-wrappers.cc:466) Retrying utterance ambd_71a with beam 24
WARNING (gmm-align-compiled:AlignUtteranceWrapper():decoder-wrappers.cc:466) Retrying utterance ambd_72a with beam 24
WARNING (gmm-align-compiled:AlignUtteranceWrapper():decoder-wrappers.cc:466) Retrying utterance ambd_72o97o8a with beam 24
WARNING (gmm-align-compiled:AlignUtteranceWrapper():decoder-wrappers.cc:475) Did not successfully decode file ambd_72o97o8a, len = 314
WARNING (gmm-align-compiled:AlignUtteranceWrapper():decoder-wrappers.cc:466) Retrying utterance ambd_7a with beam 24
WARNING (gmm-align-compiled:AlignUtteranceWrapper():decoder-wrappers.cc:466) Retrying utterance ambd_7b with beam 24
WARNING (gmm-align-compiled:AlignUtteranceWrapper():decoder-wrappers.cc:466) Retrying utterance ambd_7z77a with beam 24
WARNING (gmm-align-compiled:AlignUtteranceWrapper():decoder-wrappers.cc:475) Did not successfully decode file ambd_7z77a, len = 196
WARNING (gmm-align-compiled:AlignUtteranceWrapper():decoder-wrappers.cc:466) Retrying utterance ambd_83a with beam 24
WARNING (gmm-align-compiled:AlignUtteranceWrapper():decoder-wrappers.cc:466) Retrying utterance ambd_844oa with beam 24
WARNING (gmm-align-compiled:AlignUtteranceWrapper():decoder-wrappers.cc:475) Did not successfully decode file ambd_844oa, len = 184
WARNING (gmm-align-compiled:AlignUtteranceWrapper():decoder-wrappers.cc:466) Retrying utterance ambd_848oa with beam 24
WARNING (gmm-align-compiled:AlignUtteranceWrapper():decoder-wrappers.cc:475) Did not successfully decode file ambd_848oa, len = 161
WARNING (gmm-align-compiled:AlignUtteranceWrapper():decoder-wrappers.cc:466) Retrying utterance ambd_8567a with beam 24
WARNING (gmm-align-compiled:AlignUtteranceWrapper():decoder-wrappers.cc:475) Did not successfully decode file ambd_8567a, len = 182
WARNING (gmm-align-compiled:AlignUtteranceWrapper():decoder-wrappers.cc:466) Retrying utterance ambd_877a with beam 24
WARNING (gmm-align-compiled:AlignUtteranceWrapper():decoder-wrappers.cc:475) Did not successfully decode file ambd_877a, len = 148
WARNING (gmm-align-compiled:AlignUtteranceWrapper():decoder-wrappers.cc:466) Retrying utterance ambd_8a with beam 24
WARNING (gmm-align-compiled:AlignUtteranceWrapper():decoder-wrappers.cc:466) Retrying utterance ambd_8b with beam 24
WARNING (gmm-align-compiled:AlignUtteranceWrapper():decoder-wrappers.cc:466) Retrying utterance ambd_9235326a with beam 24
WARNING (gmm-align-compiled:AlignUtteranceWrapper():decoder-wrappers.cc:475) Did not successfully decode file ambd_9235326a, len = 300
WARNING (gmm-align-compiled:AlignUtteranceWrapper():decoder-wrappers.cc:466) Retrying utterance ambd_979za with beam 24
WARNING (gmm-align-compiled:AlignUtteranceWrapper():decoder-wrappers.cc:475) Did not successfully decode file ambd_979za, len = 177
WARNING (gmm-align-compiled:AlignUtteranceWrapper():decoder-wrappers.cc:466) Retrying utterance ambd_98z57a with beam 24
WARNING (gmm-align-compiled:AlignUtteranceWrapper():decoder-wrappers.cc:475) Did not successfully decode file ambd_98z57a, len = 213
WARNING (gmm-align-compiled:AlignUtteranceWrapper():decoder-wrappers.cc:466) Retrying utterance ambd_9a with beam 24
WARNING (gmm-align-compiled:AlignUtteranceWrapper():decoder-wrappers.cc:466) Retrying utterance ambd_9b with beam 24
WARNING (gmm-align-compiled:AlignUtteranceWrapper():decoder-wrappers.cc:466) Retrying utterance ambd_9oa with beam 24
WARNING (gmm-align-compiled:AlignUtteranceWrapper():decoder-wrappers.cc:466) Retrying utterance ambd_9zza with beam 24
LOG (apply-cmvn:main():apply-cmvn.cc:146) Applied cepstral mean normalization to 77 utterances, errors on 0
WARNING (gmm-align-compiled:AlignUtteranceWrapper():decoder-wrappers.cc:466) Retrying utterance ambd_o4a with beam 24
WARNING (gmm-align-compiled:AlignUtteranceWrapper():decoder-wrappers.cc:466) Retrying utterance ambd_o7a with beam 24
WARNING (gmm-align-compiled:AlignUtteranceWrapper():decoder-wrappers.cc:466) Retrying utterance ambd_o955o5oa with beam 24
WARNING (gmm-align-compiled:AlignUtteranceWrapper():decoder-wrappers.cc:475) Did not successfully decode file ambd_o955o5oa, len = 281
WARNING (gmm-align-compiled:AlignUtteranceWrapper():decoder-wrappers.cc:466) Retrying utterance ambd_oo3a with beam 24
WARNING (gmm-align-compiled:AlignUtteranceWrapper():decoder-wrappers.cc:466) Retrying utterance ambd_ooa with beam 24
WARNING (gmm-align-compiled:AlignUtteranceWrapper():decoder-wrappers.cc:466) Retrying utterance ambd_z1z36a with beam 24
WARNING (gmm-align-compiled:AlignUtteranceWrapper():decoder-wrappers.cc:475) Did not successfully decode file ambd_z1z36a, len = 234
WARNING (gmm-align-compiled:AlignUtteranceWrapper():decoder-wrappers.cc:466) Retrying utterance ambd_z352425a with beam 24
WARNING (gmm-align-compiled:AlignUtteranceWrapper():decoder-wrappers.cc:475) Did not successfully decode file ambd_z352425a, len = 323
WARNING (gmm-align-compiled:AlignUtteranceWrapper():decoder-wrappers.cc:466) Retrying utterance ambd_z4zz815a with beam 24
WARNING (gmm-align-compiled:AlignUtteranceWrapper():decoder-wrappers.cc:475) Did not successfully decode file ambd_z4zz815a, len = 318
WARNING (gmm-align-compiled:AlignUtteranceWrapper():decoder-wrappers.cc:466) Retrying utterance ambd_z66z4a with beam 24
WARNING (gmm-align-compiled:AlignUtteranceWrapper():decoder-wrappers.cc:475) Did not successfully decode file ambd_z66z4a, len = 210
WARNING (gmm-align-compiled:AlignUtteranceWrapper():decoder-wrappers.cc:466) Retrying utterance ambd_z96za with beam 24
LOG (gmm-align-compiled:main():gmm-align-compiled.cc:129) Overall log-likelihood per frame is -105.622 over 4482 frames.
LOG (gmm-align-compiled:main():gmm-align-compiled.cc:131) Retried 69 out of 77 utterances.
LOG (gmm-align-compiled:main():gmm-align-compiled.cc:133) Done 40, errors on 37
# Accounting: time=7 threads=1
# Ended (code 0) at Sun Oct 30 22:07:43 EDT 2016, elapsed time 7 seconds
