# gmm-align-compiled --transition-scale=1.0 --acoustic-scale=0.1 --self-loop-scale=0.1 --beam=10 --retry-beam=40 --careful=false "gmm-boost-silence --boost=1.0 1 exp/mono/26.mdl - |" "ark:gunzip -c exp/mono/fsts.112.gz|" "ark,s,cs:apply-cmvn  --utt2spk=ark:data/train_digits/split112/112/utt2spk scp:data/train_digits/split112/112/cmvn.scp scp:data/train_digits/split112/112/feats.scp ark:- | add-deltas ark:- ark:- |" "ark,t:|gzip -c >exp/mono/ali.112.gz" 
# Started at Sun Oct 30 22:33:57 EDT 2016
#
gmm-align-compiled --transition-scale=1.0 --acoustic-scale=0.1 --self-loop-scale=0.1 --beam=10 --retry-beam=40 --careful=false 'gmm-boost-silence --boost=1.0 1 exp/mono/26.mdl - |' 'ark:gunzip -c exp/mono/fsts.112.gz|' 'ark,s,cs:apply-cmvn  --utt2spk=ark:data/train_digits/split112/112/utt2spk scp:data/train_digits/split112/112/cmvn.scp scp:data/train_digits/split112/112/feats.scp ark:- | add-deltas ark:- ark:- |' 'ark,t:|gzip -c >exp/mono/ali.112.gz' 
gmm-boost-silence --boost=1.0 1 exp/mono/26.mdl - 
LOG (gmm-boost-silence:main():gmm-boost-silence.cc:93) Boosted weights for 5 pdfs, by factor of 1
LOG (gmm-boost-silence:main():gmm-boost-silence.cc:103) Wrote model to -
apply-cmvn --utt2spk=ark:data/train_digits/split112/112/utt2spk scp:data/train_digits/split112/112/cmvn.scp scp:data/train_digits/split112/112/feats.scp ark:- 
add-deltas ark:- ark:- 
WARNING (gmm-align-compiled:AlignUtteranceWrapper():decoder-wrappers.cc:466) Retrying utterance awsp_3422oa with beam 40
WARNING (gmm-align-compiled:AlignUtteranceWrapper():decoder-wrappers.cc:466) Retrying utterance awsp_387o935a with beam 40
WARNING (gmm-align-compiled:AlignUtteranceWrapper():decoder-wrappers.cc:466) Retrying utterance awsp_5363a with beam 40
WARNING (gmm-align-compiled:AlignUtteranceWrapper():decoder-wrappers.cc:466) Retrying utterance awsp_97325a with beam 40
WARNING (gmm-align-compiled:AlignUtteranceWrapper():decoder-wrappers.cc:466) Retrying utterance awsp_9993z84a with beam 40
LOG (apply-cmvn:main():apply-cmvn.cc:146) Applied cepstral mean normalization to 77 utterances, errors on 0
LOG (gmm-align-compiled:main():gmm-align-compiled.cc:129) Overall log-likelihood per frame is -92.6609 over 13466 frames.
LOG (gmm-align-compiled:main():gmm-align-compiled.cc:131) Retried 5 out of 77 utterances.
LOG (gmm-align-compiled:main():gmm-align-compiled.cc:133) Done 77, errors on 0
# Accounting: time=5 threads=1
# Ended (code 0) at Sun Oct 30 22:34:02 EDT 2016, elapsed time 5 seconds
