# compile-train-graphs exp/mono/tree exp/mono/0.mdl data/lang/L.fst "ark:sym2int.pl --map-oov 1 -f 2- data/lang/words.txt < data/train_digits/split112/74/text|" "ark:|gzip -c >exp/mono/fsts.74.gz" 
# Started at Sun Oct 30 22:07:24 EDT 2016
#
compile-train-graphs exp/mono/tree exp/mono/0.mdl data/lang/L.fst 'ark:sym2int.pl --map-oov 1 -f 2- data/lang/words.txt < data/train_digits/split112/74/text|' 'ark:|gzip -c >exp/mono/fsts.74.gz' 
sym2int.pl: replacing O with 1
sym2int.pl: replacing N with 1
sym2int.pl: replacing E with 1
sym2int.pl: replacing F with 1
sym2int.pl: replacing O with 1
sym2int.pl: replacing U with 1
sym2int.pl: replacing R with 1
sym2int.pl: replacing T with 1
sym2int.pl: replacing H with 1
sym2int.pl: replacing R with 1
sym2int.pl: replacing E with 1
sym2int.pl: replacing E with 1
sym2int.pl: replacing S with 1
sym2int.pl: replacing E with 1
sym2int.pl: replacing V with 1
sym2int.pl: replacing E with 1
sym2int.pl: replacing N with 1
sym2int.pl: replacing S with 1
sym2int.pl: replacing E with 1
sym2int.pl: replacing V with 1
sym2int.pl: not warning for OOVs any more times
** Replaced 902 instances of OOVs with 1
LOG (compile-train-graphs:main():compile-train-graphs.cc:145) compile-train-graphs: succeeded for 77 graphs, failed for 0
# Accounting: time=1 threads=1
# Ended (code 0) at Sun Oct 30 22:07:25 EDT 2016, elapsed time 1 seconds
