# compile-train-graphs exp/mono/tree exp/mono/0.mdl data/lang/L.fst "ark:sym2int.pl --map-oov 1 -f 2- data/lang/words.txt < data/train_digits/split112/95/text|" "ark:|gzip -c >exp/mono/fsts.95.gz" 
# Started at Sun Oct 30 22:07:26 EDT 2016
#
compile-train-graphs exp/mono/tree exp/mono/0.mdl data/lang/L.fst 'ark:sym2int.pl --map-oov 1 -f 2- data/lang/words.txt < data/train_digits/split112/95/text|' 'ark:|gzip -c >exp/mono/fsts.95.gz' 
sym2int.pl: replacing O with 1
sym2int.pl: replacing N with 1
sym2int.pl: replacing E with 1
sym2int.pl: replacing O with 1
sym2int.pl: replacing N with 1
sym2int.pl: replacing E with 1
sym2int.pl: replacing O with 1
sym2int.pl: replacing N with 1
sym2int.pl: replacing E with 1
sym2int.pl: replacing F with 1
sym2int.pl: replacing I with 1
sym2int.pl: replacing V with 1
sym2int.pl: replacing E with 1
sym2int.pl: replacing z with 1
sym2int.pl: replacing O with 1
sym2int.pl: replacing N with 1
sym2int.pl: replacing E with 1
sym2int.pl: replacing E with 1
sym2int.pl: replacing I with 1
sym2int.pl: replacing G with 1
sym2int.pl: not warning for OOVs any more times
** Replaced 889 instances of OOVs with 1
LOG (compile-train-graphs:main():compile-train-graphs.cc:145) compile-train-graphs: succeeded for 77 graphs, failed for 0
# Accounting: time=2 threads=1
# Ended (code 0) at Sun Oct 30 22:07:28 EDT 2016, elapsed time 2 seconds
