# gmm-est --write-occs=exp/mono/28.occs --mix-up=868 --power=0.25 exp/mono/27.mdl "gmm-sum-accs - exp/mono/27.*.acc|" exp/mono/28.mdl 
# Started at Sun Oct 30 22:34:19 EDT 2016
#
gmm-est --write-occs=exp/mono/28.occs --mix-up=868 --power=0.25 exp/mono/27.mdl 'gmm-sum-accs - exp/mono/27.*.acc|' exp/mono/28.mdl 
gmm-sum-accs - exp/mono/27.1.acc exp/mono/27.10.acc exp/mono/27.100.acc exp/mono/27.101.acc exp/mono/27.102.acc exp/mono/27.103.acc exp/mono/27.104.acc exp/mono/27.105.acc exp/mono/27.106.acc exp/mono/27.107.acc exp/mono/27.108.acc exp/mono/27.109.acc exp/mono/27.11.acc exp/mono/27.110.acc exp/mono/27.111.acc exp/mono/27.112.acc exp/mono/27.12.acc exp/mono/27.13.acc exp/mono/27.14.acc exp/mono/27.15.acc exp/mono/27.16.acc exp/mono/27.17.acc exp/mono/27.18.acc exp/mono/27.19.acc exp/mono/27.2.acc exp/mono/27.20.acc exp/mono/27.21.acc exp/mono/27.22.acc exp/mono/27.23.acc exp/mono/27.24.acc exp/mono/27.25.acc exp/mono/27.26.acc exp/mono/27.27.acc exp/mono/27.28.acc exp/mono/27.29.acc exp/mono/27.3.acc exp/mono/27.30.acc exp/mono/27.31.acc exp/mono/27.32.acc exp/mono/27.33.acc exp/mono/27.34.acc exp/mono/27.35.acc exp/mono/27.36.acc exp/mono/27.37.acc exp/mono/27.38.acc exp/mono/27.39.acc exp/mono/27.4.acc exp/mono/27.40.acc exp/mono/27.41.acc exp/mono/27.42.acc exp/mono/27.43.acc exp/mono/27.44.acc exp/mono/27.45.acc exp/mono/27.46.acc exp/mono/27.47.acc exp/mono/27.48.acc exp/mono/27.49.acc exp/mono/27.5.acc exp/mono/27.50.acc exp/mono/27.51.acc exp/mono/27.52.acc exp/mono/27.53.acc exp/mono/27.54.acc exp/mono/27.55.acc exp/mono/27.56.acc exp/mono/27.57.acc exp/mono/27.58.acc exp/mono/27.59.acc exp/mono/27.6.acc exp/mono/27.60.acc exp/mono/27.61.acc exp/mono/27.62.acc exp/mono/27.63.acc exp/mono/27.64.acc exp/mono/27.65.acc exp/mono/27.66.acc exp/mono/27.67.acc exp/mono/27.68.acc exp/mono/27.69.acc exp/mono/27.7.acc exp/mono/27.70.acc exp/mono/27.71.acc exp/mono/27.72.acc exp/mono/27.73.acc exp/mono/27.74.acc exp/mono/27.75.acc exp/mono/27.76.acc exp/mono/27.77.acc exp/mono/27.78.acc exp/mono/27.79.acc exp/mono/27.8.acc exp/mono/27.80.acc exp/mono/27.81.acc exp/mono/27.82.acc exp/mono/27.83.acc exp/mono/27.84.acc exp/mono/27.85.acc exp/mono/27.86.acc exp/mono/27.87.acc exp/mono/27.88.acc exp/mono/27.89.acc exp/mono/27.9.acc exp/mono/27.90.acc exp/mono/27.91.acc exp/mono/27.92.acc exp/mono/27.93.acc exp/mono/27.94.acc exp/mono/27.95.acc exp/mono/27.96.acc exp/mono/27.97.acc exp/mono/27.98.acc exp/mono/27.99.acc 
LOG (gmm-sum-accs:main():gmm-sum-accs.cc:63) Summed 112 stats, total count 1.50285e+06, avg like/frame -92.6237
LOG (gmm-sum-accs:main():gmm-sum-accs.cc:66) Total count of stats is 1.50285e+06
LOG (gmm-sum-accs:main():gmm-sum-accs.cc:67) Written stats to -
LOG (gmm-est:MleUpdate():transition-model.cc:393) TransitionModel::Update, objf change is 0 per frame over 1.50285e+06 frames. 
LOG (gmm-est:MleUpdate():transition-model.cc:396) 5 probabilities floored, 57 out of 62 transition-states skipped due to insuffient data (it is normal to have some skipped.)
LOG (gmm-est:main():gmm-est.cc:102) Transition model update: Overall 0 log-like improvement per frame over 1.50285e+06 frames.
WARNING (gmm-est:MleDiagGmmUpdate():mle-diag-gmm.cc:365) Gaussian has too little data but not removing it because it is the last Gaussian: i = 0, occ = 0, weight = 1
WARNING (gmm-est:MleDiagGmmUpdate():mle-diag-gmm.cc:365) Gaussian has too little data but not removing it because it is the last Gaussian: i = 0, occ = 0, weight = 1
WARNING (gmm-est:MleDiagGmmUpdate():mle-diag-gmm.cc:365) Gaussian has too little data but not removing it because it is the last Gaussian: i = 0, occ = 0, weight = 1
WARNING (gmm-est:MleDiagGmmUpdate():mle-diag-gmm.cc:365) Gaussian has too little data but not removing it because it is the last Gaussian: i = 0, occ = 0, weight = 1
WARNING (gmm-est:MleDiagGmmUpdate():mle-diag-gmm.cc:365) Gaussian has too little data but not removing it because it is the last Gaussian: i = 0, occ = 0, weight = 1
WARNING (gmm-est:MleDiagGmmUpdate():mle-diag-gmm.cc:365) Gaussian has too little data but not removing it because it is the last Gaussian: i = 0, occ = 0, weight = 1
WARNING (gmm-est:MleDiagGmmUpdate():mle-diag-gmm.cc:365) Gaussian has too little data but not removing it because it is the last Gaussian: i = 0, occ = 0, weight = 1
WARNING (gmm-est:MleDiagGmmUpdate():mle-diag-gmm.cc:365) Gaussian has too little data but not removing it because it is the last Gaussian: i = 0, occ = 0, weight = 1
WARNING (gmm-est:MleDiagGmmUpdate():mle-diag-gmm.cc:365) Gaussian has too little data but not removing it because it is the last Gaussian: i = 0, occ = 0, weight = 1
WARNING (gmm-est:MleDiagGmmUpdate():mle-diag-gmm.cc:365) Gaussian has too little data but not removing it because it is the last Gaussian: i = 0, occ = 0, weight = 1
WARNING (gmm-est:MleDiagGmmUpdate():mle-diag-gmm.cc:365) Gaussian has too little data but not removing it because it is the last Gaussian: i = 0, occ = 0, weight = 1
WARNING (gmm-est:MleDiagGmmUpdate():mle-diag-gmm.cc:365) Gaussian has too little data but not removing it because it is the last Gaussian: i = 0, occ = 0, weight = 1
WARNING (gmm-est:MleDiagGmmUpdate():mle-diag-gmm.cc:365) Gaussian has too little data but not removing it because it is the last Gaussian: i = 0, occ = 0, weight = 1
WARNING (gmm-est:MleDiagGmmUpdate():mle-diag-gmm.cc:365) Gaussian has too little data but not removing it because it is the last Gaussian: i = 0, occ = 0, weight = 1
WARNING (gmm-est:MleDiagGmmUpdate():mle-diag-gmm.cc:365) Gaussian has too little data but not removing it because it is the last Gaussian: i = 0, occ = 0, weight = 1
WARNING (gmm-est:MleDiagGmmUpdate():mle-diag-gmm.cc:365) Gaussian has too little data but not removing it because it is the last Gaussian: i = 0, occ = 0, weight = 1
WARNING (gmm-est:MleDiagGmmUpdate():mle-diag-gmm.cc:365) Gaussian has too little data but not removing it because it is the last Gaussian: i = 0, occ = 0, weight = 1
WARNING (gmm-est:MleDiagGmmUpdate():mle-diag-gmm.cc:365) Gaussian has too little data but not removing it because it is the last Gaussian: i = 0, occ = 0, weight = 1
WARNING (gmm-est:MleDiagGmmUpdate():mle-diag-gmm.cc:365) Gaussian has too little data but not removing it because it is the last Gaussian: i = 0, occ = 0, weight = 1
WARNING (gmm-est:MleDiagGmmUpdate():mle-diag-gmm.cc:365) Gaussian has too little data but not removing it because it is the last Gaussian: i = 0, occ = 0, weight = 1
WARNING (gmm-est:MleDiagGmmUpdate():mle-diag-gmm.cc:365) Gaussian has too little data but not removing it because it is the last Gaussian: i = 0, occ = 0, weight = 1
WARNING (gmm-est:MleDiagGmmUpdate():mle-diag-gmm.cc:365) Gaussian has too little data but not removing it because it is the last Gaussian: i = 0, occ = 0, weight = 1
WARNING (gmm-est:MleDiagGmmUpdate():mle-diag-gmm.cc:365) Gaussian has too little data but not removing it because it is the last Gaussian: i = 0, occ = 0, weight = 1
WARNING (gmm-est:MleDiagGmmUpdate():mle-diag-gmm.cc:365) Gaussian has too little data but not removing it because it is the last Gaussian: i = 0, occ = 0, weight = 1
WARNING (gmm-est:MleDiagGmmUpdate():mle-diag-gmm.cc:365) Gaussian has too little data but not removing it because it is the last Gaussian: i = 0, occ = 0, weight = 1
WARNING (gmm-est:MleDiagGmmUpdate():mle-diag-gmm.cc:365) Gaussian has too little data but not removing it because it is the last Gaussian: i = 0, occ = 0, weight = 1
WARNING (gmm-est:MleDiagGmmUpdate():mle-diag-gmm.cc:365) Gaussian has too little data but not removing it because it is the last Gaussian: i = 0, occ = 0, weight = 1
WARNING (gmm-est:MleDiagGmmUpdate():mle-diag-gmm.cc:365) Gaussian has too little data but not removing it because it is the last Gaussian: i = 0, occ = 0, weight = 1
WARNING (gmm-est:MleDiagGmmUpdate():mle-diag-gmm.cc:365) Gaussian has too little data but not removing it because it is the last Gaussian: i = 0, occ = 0, weight = 1
WARNING (gmm-est:MleDiagGmmUpdate():mle-diag-gmm.cc:365) Gaussian has too little data but not removing it because it is the last Gaussian: i = 0, occ = 0, weight = 1
WARNING (gmm-est:MleDiagGmmUpdate():mle-diag-gmm.cc:365) Gaussian has too little data but not removing it because it is the last Gaussian: i = 0, occ = 0, weight = 1
WARNING (gmm-est:MleDiagGmmUpdate():mle-diag-gmm.cc:365) Gaussian has too little data but not removing it because it is the last Gaussian: i = 0, occ = 0, weight = 1
WARNING (gmm-est:MleDiagGmmUpdate():mle-diag-gmm.cc:365) Gaussian has too little data but not removing it because it is the last Gaussian: i = 0, occ = 0, weight = 1
WARNING (gmm-est:MleDiagGmmUpdate():mle-diag-gmm.cc:365) Gaussian has too little data but not removing it because it is the last Gaussian: i = 0, occ = 0, weight = 1
WARNING (gmm-est:MleDiagGmmUpdate():mle-diag-gmm.cc:365) Gaussian has too little data but not removing it because it is the last Gaussian: i = 0, occ = 0, weight = 1
WARNING (gmm-est:MleDiagGmmUpdate():mle-diag-gmm.cc:365) Gaussian has too little data but not removing it because it is the last Gaussian: i = 0, occ = 0, weight = 1
WARNING (gmm-est:MleDiagGmmUpdate():mle-diag-gmm.cc:365) Gaussian has too little data but not removing it because it is the last Gaussian: i = 0, occ = 0, weight = 1
WARNING (gmm-est:MleDiagGmmUpdate():mle-diag-gmm.cc:365) Gaussian has too little data but not removing it because it is the last Gaussian: i = 0, occ = 0, weight = 1
WARNING (gmm-est:MleDiagGmmUpdate():mle-diag-gmm.cc:365) Gaussian has too little data but not removing it because it is the last Gaussian: i = 0, occ = 0, weight = 1
WARNING (gmm-est:MleDiagGmmUpdate():mle-diag-gmm.cc:365) Gaussian has too little data but not removing it because it is the last Gaussian: i = 0, occ = 0, weight = 1
WARNING (gmm-est:MleDiagGmmUpdate():mle-diag-gmm.cc:365) Gaussian has too little data but not removing it because it is the last Gaussian: i = 0, occ = 0, weight = 1
WARNING (gmm-est:MleDiagGmmUpdate():mle-diag-gmm.cc:365) Gaussian has too little data but not removing it because it is the last Gaussian: i = 0, occ = 0, weight = 1
WARNING (gmm-est:MleDiagGmmUpdate():mle-diag-gmm.cc:365) Gaussian has too little data but not removing it because it is the last Gaussian: i = 0, occ = 0, weight = 1
WARNING (gmm-est:MleDiagGmmUpdate():mle-diag-gmm.cc:365) Gaussian has too little data but not removing it because it is the last Gaussian: i = 0, occ = 0, weight = 1
WARNING (gmm-est:MleDiagGmmUpdate():mle-diag-gmm.cc:365) Gaussian has too little data but not removing it because it is the last Gaussian: i = 0, occ = 0, weight = 1
WARNING (gmm-est:MleDiagGmmUpdate():mle-diag-gmm.cc:365) Gaussian has too little data but not removing it because it is the last Gaussian: i = 0, occ = 0, weight = 1
WARNING (gmm-est:MleDiagGmmUpdate():mle-diag-gmm.cc:365) Gaussian has too little data but not removing it because it is the last Gaussian: i = 0, occ = 0, weight = 1
WARNING (gmm-est:MleDiagGmmUpdate():mle-diag-gmm.cc:365) Gaussian has too little data but not removing it because it is the last Gaussian: i = 0, occ = 0, weight = 1
WARNING (gmm-est:MleDiagGmmUpdate():mle-diag-gmm.cc:365) Gaussian has too little data but not removing it because it is the last Gaussian: i = 0, occ = 0, weight = 1
WARNING (gmm-est:MleDiagGmmUpdate():mle-diag-gmm.cc:365) Gaussian has too little data but not removing it because it is the last Gaussian: i = 0, occ = 0, weight = 1
WARNING (gmm-est:MleDiagGmmUpdate():mle-diag-gmm.cc:365) Gaussian has too little data but not removing it because it is the last Gaussian: i = 0, occ = 0, weight = 1
WARNING (gmm-est:MleDiagGmmUpdate():mle-diag-gmm.cc:365) Gaussian has too little data but not removing it because it is the last Gaussian: i = 0, occ = 0, weight = 1
WARNING (gmm-est:MleDiagGmmUpdate():mle-diag-gmm.cc:365) Gaussian has too little data but not removing it because it is the last Gaussian: i = 0, occ = 0, weight = 1
WARNING (gmm-est:MleDiagGmmUpdate():mle-diag-gmm.cc:365) Gaussian has too little data but not removing it because it is the last Gaussian: i = 0, occ = 0, weight = 1
WARNING (gmm-est:MleDiagGmmUpdate():mle-diag-gmm.cc:365) Gaussian has too little data but not removing it because it is the last Gaussian: i = 0, occ = 0, weight = 1
WARNING (gmm-est:MleDiagGmmUpdate():mle-diag-gmm.cc:365) Gaussian has too little data but not removing it because it is the last Gaussian: i = 0, occ = 0, weight = 1
WARNING (gmm-est:MleDiagGmmUpdate():mle-diag-gmm.cc:365) Gaussian has too little data but not removing it because it is the last Gaussian: i = 0, occ = 0, weight = 1
LOG (gmm-est:MleAmDiagGmmUpdate():mle-am-diag-gmm.cc:225) 0 variance elements floored in 0 Gaussians, out of 837
LOG (gmm-est:MleAmDiagGmmUpdate():mle-am-diag-gmm.cc:229) Removed 0 Gaussians due to counts < --min-gaussian-occupancy=10 and --remove-low-count-gaussians=true
LOG (gmm-est:main():gmm-est.cc:113) GMM update: Overall 0.0306843 objective function improvement per frame over 1.50285e+06 frames
LOG (gmm-est:main():gmm-est.cc:116) GMM update: Overall avg like per frame = -92.6237 over 1.50285e+06 frames.
LOG (gmm-est:SplitByCount():am-diag-gmm.cc:116) Split 62 states with target = 868, power = 0.25, perturb_factor = 0.01 and min_count = 20, split #Gauss from 837 to 868
LOG (gmm-est:main():gmm-est.cc:146) Written model to exp/mono/28.mdl
# Accounting: time=0 threads=1
# Ended (code 0) at Sun Oct 30 22:34:19 EDT 2016, elapsed time 0 seconds
